Log file open, 11/25/18 11:19:33
LogInit:Display: Running engine for game: KP_remastered2
LogPlatformFile: Not using cached read wrapper
LogInit:Display: RandInit(827995318) SRandInit(827995318).
LogTaskGraph: Started task graph with 5 named threads and 6 total threads with 1 sets of task threads.
LogStats: Stats thread started at 0.100531
LogInit: Using libcurl 7.47.1
LogInit:  - built for x86_64-pc-win32
LogInit:  - supports SSL with OpenSSL/1.0.2g
LogInit:  - supports HTTP deflate (compression) using libz 1.2.8
LogInit:  - other features:
LogInit:      CURL_VERSION_SSL
LogInit:      CURL_VERSION_LIBZ
LogInit:      CURL_VERSION_IPV6
LogInit:      CURL_VERSION_ASYNCHDNS
LogInit:      CURL_VERSION_LARGEFILE
LogInit:      CURL_VERSION_IDN
LogInit:  CurlRequestOptions (configurable via config and command line):
LogInit:  - bVerifyPeer = false  - Libcurl will NOT verify peer certificate
LogInit:  - bUseHttpProxy = false  - Libcurl will NOT use HTTP proxy
LogInit:  - bDontReuseConnections = false  - Libcurl will reuse connections
LogInit:  - CertBundlePath = nullptr  - Libcurl will use whatever was configured at build time.
LogInit: Build: ++UE4+Release-4.16-CL-3561208
LogInit: Engine Version: 4.16.3-3561208+++UE4+Release-4.16
LogInit: Compatible Engine Version: 4.16.0-3452394+++UE4+Release-4.16
LogInit: Net CL: 3452394
LogDevObjectVersion: Number of dev versions registered: 16
LogDevObjectVersion:   Dev-Blueprints (B0D832E4-1F89-4F0D-ACCF-7EB736FD4AA2): 9
LogDevObjectVersion:   Dev-Build (E1C64328-A22C-4D53-A36C-8E866417BD8C): 0
LogDevObjectVersion:   Dev-Core (375EC13C-06E4-48FB-B500-84F0262A717E): 2
LogDevObjectVersion:   Dev-Editor (E4B068ED-F494-42E9-A231-DA0B2E46BB41): 17
LogDevObjectVersion:   Dev-Framework (CFFC743F-43B0-4480-9391-14DF171D2073): 23
LogDevObjectVersion:   Dev-Mobile (B02B49B5-BB20-44E9-A304-32B752E40360): 0
LogDevObjectVersion:   Dev-Networking (A4E4105C-59A1-49B5-A7C5-40C4547EDFEE): 0
LogDevObjectVersion:   Dev-Online (39C831C9-5AE6-47DC-9A44-9C173E1C8E7C): 0
LogDevObjectVersion:   Dev-Physics (78F01B33-EBEA-4F98-B9B4-84EACCB95AA2): 0
LogDevObjectVersion:   Dev-Platform (6631380F-2D4D-43E0-8009-CF276956A95A): 0
LogDevObjectVersion:   Dev-Rendering (12F88B9F-8875-4AFC-A67C-D90C383ABD29): 15
LogDevObjectVersion:   Dev-Sequencer (7B5AE74C-D270-4C10-A958-57980B212A5A): 4
LogDevObjectVersion:   Dev-VR (D7296918-1DD6-4BDD-9DE2-64A83CC13884): 0
LogDevObjectVersion:   Dev-LoadTimes (C2A15278-BFE7-4AFE-6C17-90FF531DF755): 1
LogDevObjectVersion:   Private-Geometry (6EACA3D4-40EC-4CC1-B786-8BED09428FC5): 1
LogDevObjectVersion:   Dev-AnimPhys (29E575DD-E0A3-4627-9D10-D276232CDCEA): 3
LogInit: Compiled (64-bit): Jul 28 2017 11:49:47
LogInit: Compiled with Visual C++: 19.00.24215.01
LogInit: Build Configuration: Development
LogInit: Branch Name: ++UE4+Release-4.16
LogInit: Command line:  
LogInit: Base directory: C:/Program Files/Epic Games/UE_4.16/Engine/Binaries/Win64/
LogInit: Installed Engine Build: 1
LogInit: Presizing for max 8388607 objects, including 0 objects not considered by GC, pre-allocating 0 bytes for permanent pool.
LogInit: Object subsystem initialized
[2018.11.25-04.19.34:640][  0]LogInit: Selected Device Profile: [Windows]
[2018.11.25-04.19.34:640][  0]LogInit: Applying CVar settings loaded from the selected device profile: [Windows]
[2018.11.25-04.19.34:666][  0]LogInit: Computer: DESKTOP-USEAEF3
[2018.11.25-04.19.34:666][  0]LogInit: User: DigitalSilence
[2018.11.25-04.19.34:666][  0]LogInit: CPU Page size=4096, Cores=2
[2018.11.25-04.19.34:666][  0]LogInit: High frequency timer resolution =2.648436 MHz
[2018.11.25-04.19.34:666][  0]LogMemory: Memory total: Physical=7.9GB (8GB approx)
[2018.11.25-04.19.34:666][  0]LogMemory: Platform Memory Stats for Windows
[2018.11.25-04.19.34:666][  0]LogMemory: Process Physical Memory: 272.35 MB used, 272.35 MB peak
[2018.11.25-04.19.34:666][  0]LogMemory: Process Virtual Memory: 258.68 MB used, 258.68 MB peak
[2018.11.25-04.19.34:666][  0]LogMemory: Physical Memory: 4009.33 MB used,  4063.21 MB free, 8072.54 MB total
[2018.11.25-04.19.34:666][  0]LogMemory: Virtual Memory: 4769.85 MB used,  4063.21 MB free, 134217728.00 MB total
[2018.11.25-04.19.34:783][  0]LogInit: Using OS detected language (en-GB).
[2018.11.25-04.19.34:783][  0]LogInit: Using OS detected locale (en-US).
[2018.11.25-04.19.34:786][  0]LogTextLocalizationManager: No specific localization for 'en-GB' exists, so the 'en' localization will be used.
[2018.11.25-04.19.35:835][  0]LogD3D11RHI: D3D11 adapters:
[2018.11.25-04.19.35:893][  0]LogD3D11RHI:    0. 'NVIDIA GeForce 930MX' (Feature Level 11_0)
[2018.11.25-04.19.35:893][  0]LogD3D11RHI:       2010/0/4036 MB DedicatedVideo/DedicatedSystem/SharedSystem, Outputs:2, VendorId:0x10de
[2018.11.25-04.19.35:902][  0]LogD3D11RHI:    1. 'Intel(R) HD Graphics 620' (Feature Level 11_0)
[2018.11.25-04.19.35:902][  0]LogD3D11RHI:       128/0/4036 MB DedicatedVideo/DedicatedSystem/SharedSystem, Outputs:0, VendorId:0x8086
[2018.11.25-04.19.35:904][  0]LogD3D11RHI:    2. 'Microsoft Basic Render Driver' (Feature Level 11_0)
[2018.11.25-04.19.35:904][  0]LogD3D11RHI:       0/0/4036 MB DedicatedVideo/DedicatedSystem/SharedSystem, Outputs:0, VendorId:0x1414
[2018.11.25-04.19.35:904][  0]LogD3D11RHI: Chosen D3D11 Adapter: 0
[2018.11.25-04.19.35:927][  0]LogD3D11RHI: Creating new Direct3DDevice
[2018.11.25-04.19.35:927][  0]LogD3D11RHI:     GPU DeviceId: 0x134e (for the marketing name, search the web for "GPU Device Id")
[2018.11.25-04.19.35:927][  0]LogWindows: EnumDisplayDevices:
[2018.11.25-04.19.35:927][  0]LogWindows:    0. 'Intel(R) HD Graphics 620' (P:1 D:1)
[2018.11.25-04.19.35:927][  0]LogWindows:    1. 'Intel(R) HD Graphics 620' (P:0 D:1)
[2018.11.25-04.19.35:928][  0]LogWindows:    2. 'Intel(R) HD Graphics 620' (P:0 D:0)
[2018.11.25-04.19.35:928][  0]LogWindows: DebugString: GetVideoDriverDetailsInvalid PrimaryIsNotTheChoosenAdapter GetVideoDriverDetailsInvalid PrimaryIsNotTheChoosenAdapter GetVideoDriverDetailsInvalid PrimaryIsNotTheChoosenAdapter FoundDriverCount:0 
[2018.11.25-04.19.35:928][  0]LogD3D11RHI:     Adapter Name: NVIDIA GeForce 930MX
[2018.11.25-04.19.35:928][  0]LogD3D11RHI:   Driver Version: Unknown (internal:Unknown, unified:Unknown)
[2018.11.25-04.19.35:928][  0]LogD3D11RHI:      Driver Date: Unknown
[2018.11.25-04.19.35:928][  0]LogRHI: Texture pool is 1361 MB (70% of 1945 MB)
[2018.11.25-04.19.35:977][  0]LogD3D11RHI: Async texture creation enabled
[2018.11.25-04.19.35:996][  0]LogD3D11RHI: GPU Timing Frequency: 1000.000000 (Debug: 2 2)
[2018.11.25-04.19.35:998][  0]LogShaderCompilers: Guid format shader working directory is 5 characters bigger than the processId version (E:/Project Unreal Engine 4/Tugas KP/KP_remastered2/Intermediate/Shaders/WorkingDirectory/12392/).
[2018.11.25-04.19.35:998][  0]LogShaderCompilers: Cleaned the shader compiler working directory 'C:/Users/Digital_Silence/AppData/Local/Temp/UnrealShaderWorkingDir/A55FDE9D406FFFB3FB3BD4BC4E45F334/'.
[2018.11.25-04.19.35:998][  0]LogShaderCompilers:Display: Using Local Shader Compiler.
[2018.11.25-04.19.37:125][  0]LogTemp:Display: Loaded TP AllDesktopTargetPlatform
[2018.11.25-04.19.37:204][  0]LogTemp:Display: Loaded TP MacClientTargetPlatform
[2018.11.25-04.19.37:283][  0]LogTemp:Display: Loaded TP MacNoEditorTargetPlatform
[2018.11.25-04.19.37:361][  0]LogTemp:Display: Loaded TP MacServerTargetPlatform
[2018.11.25-04.19.37:440][  0]LogTemp:Display: Loaded TP MacTargetPlatform
[2018.11.25-04.19.37:519][  0]LogTemp:Display: Loaded TP WindowsClientTargetPlatform
[2018.11.25-04.19.37:598][  0]LogTemp:Display: Loaded TP WindowsNoEditorTargetPlatform
[2018.11.25-04.19.37:678][  0]LogTemp:Display: Loaded TP WindowsServerTargetPlatform
[2018.11.25-04.19.37:753][  0]LogTemp:Display: Loaded TP WindowsTargetPlatform
[2018.11.25-04.19.37:830][  0]LogTemp:Display: Loaded TP AndroidTargetPlatform
[2018.11.25-04.19.37:906][  0]LogTemp:Display: Loaded TP Android_ASTCTargetPlatform
[2018.11.25-04.19.37:983][  0]LogTemp:Display: Loaded TP Android_ATCTargetPlatform
[2018.11.25-04.19.38:060][  0]LogTemp:Display: Loaded TP Android_DXTTargetPlatform
[2018.11.25-04.19.38:137][  0]LogTemp:Display: Loaded TP Android_ETC1TargetPlatform
[2018.11.25-04.19.38:214][  0]LogTemp:Display: Loaded TP Android_ETC2TargetPlatform
[2018.11.25-04.19.38:368][  0]LogTemp:Display: Loaded TP Android_MultiTargetPlatform
[2018.11.25-04.19.38:368][  0]LogTemp:Display: Loaded TP Android_PVRTCTargetPlatform
[2018.11.25-04.19.38:434][  0]LogTemp:Display: Loaded TP HTML5TargetPlatform
[2018.11.25-04.19.38:573][  0]LogTemp:Display: Loaded TP IOSTargetPlatform
[2018.11.25-04.19.38:628][  0]LogTemp:Display: Loaded TP TVOSTargetPlatform
[2018.11.25-04.19.38:704][  0]LogTemp:Display: Loaded TP LinuxClientTargetPlatform
[2018.11.25-04.19.38:781][  0]LogTemp:Display: Loaded TP LinuxNoEditorTargetPlatform
[2018.11.25-04.19.38:857][  0]LogTemp:Display: Loaded TP LinuxServerTargetPlatform
[2018.11.25-04.19.38:934][  0]LogTemp:Display: Loaded TP LinuxTargetPlatform
[2018.11.25-04.19.38:934][  0]LogTargetPlatformManager:Display: Building Assets For Windows
[2018.11.25-04.19.39:769][  0]LogDerivedDataCache:Display: Max Cache Size: 512 MB
[2018.11.25-04.19.39:856][  0]LogDerivedDataCache: Loaded boot cache 0.09s 102MB C:/Users/Digital_Silence/AppData/Local/UnrealEngine/4.16/DerivedDataCache/Boot.ddc.
[2018.11.25-04.19.39:856][  0]LogDerivedDataCache:Display: Loaded Boot cache: C:/Users/Digital_Silence/AppData/Local/UnrealEngine/4.16/DerivedDataCache/Boot.ddc
[2018.11.25-04.19.39:856][  0]LogDerivedDataCache: FDerivedDataBackendGraph:  Pak pak cache file E:/Project Unreal Engine 4/Tugas KP/KP_remastered2/DerivedDataCache/DDC.ddp not found, will not use a pak cache.
[2018.11.25-04.19.39:856][  0]LogDerivedDataCache: Unable to find inner node Pak for hierarchical cache Hierarchy.
[2018.11.25-04.19.39:856][  0]LogDerivedDataCache: FDerivedDataBackendGraph:  CompressedPak pak cache file E:/Project Unreal Engine 4/Tugas KP/KP_remastered2/DerivedDataCache/Compressed.ddp not found, will not use a pak cache.
[2018.11.25-04.19.39:856][  0]LogDerivedDataCache: Unable to find inner node CompressedPak for hierarchical cache Hierarchy.
[2018.11.25-04.19.39:871][  0]LogDerivedDataCache:Display: Pak cache opened for reading ../../../Engine/DerivedDataCache/Compressed.ddp.
[2018.11.25-04.19.39:884][  0]LogDerivedDataCache: Using Local data cache path C:/Users/Digital_Silence/AppData/Local/UnrealEngine/Common/DerivedDataCache: Writable
[2018.11.25-04.19.39:894][  0]LogMaterial: Verifying Global Shaders for PCD3D_SM5
[2018.11.25-04.19.39:894][  0]LogSlate: Using Freetype 2.6.0
[2018.11.25-04.19.39:895][  0]LogSlate: SlateFontCache - WITH_FREETYPE: 1, WITH_HARFBUZZ: 1
[2018.11.25-04.19.39:895][  0]LogSlate: SlateFontCache - WITH_FREETYPE: 1, WITH_HARFBUZZ: 1
[2018.11.25-04.19.40:232][  0]LogInit: Selected Device Profile: [Windows]
[2018.11.25-04.19.40:302][  0]LogContentStreaming: Texture pool size is 0.00 MB
[2018.11.25-04.19.40:516][  0]LogMeshUtilities: Using QuadricMeshReduction for automatic static mesh reduction
[2018.11.25-04.19.40:591][  0]LogSimplygon: Simplygon DLL not present - disabling.
[2018.11.25-04.19.40:674][  0]LogMeshUtilities: Using SimplygonSwarm for distributed automatic mesh merging
[2018.11.25-04.19.40:674][  0]LogMeshUtilities: No automatic skeletal mesh reduction module available
[2018.11.25-04.19.40:674][  0]LogMeshUtilities: No automatic mesh merging module available
[2018.11.25-04.19.41:452][  0]LogNetVersion: KP_remastered2 , NetCL: 3452394, EngineNetVer: 2, GameNetVer: 0 (Checksum: 3294817228)
[2018.11.25-04.19.41:535][  0]LogAssetRegistry: FAssetRegistry took 0.0264 seconds to start up
[2018.11.25-04.19.41:628][  0]LogPackageLocalizationCache: Processed 4 localized package path(s) for 2 prioritized culture(s) in 0.045306 seconds
[2018.11.25-04.19.41:635][  0]LogUObjectArray: 34194 objects as part of root set at end of initial load.
[2018.11.25-04.19.41:635][  0]LogUObjectAllocator: 7260416 out of 0 bytes used by permanent object pool.
[2018.11.25-04.19.41:635][  0]LogUObjectArray: CloseDisregardForGC: 0/0 objects in disregard for GC pool
[2018.11.25-04.19.41:760][  0]LogInit: WinSock: version 1.1 (2.2), MaxSocks=32767, MaxUdp=65467
[2018.11.25-04.19.45:189][  0]LogTcpMessaging: Initializing TcpMessaging bridge
[2018.11.25-04.19.45:253][  0]LogUdpMessaging: Initializing bridge on interface 0.0.0.0:0 to multicast group 230.0.0.1:6666.
[2018.11.25-04.19.46:070][  0]LogMaterial: Uniform references updated for custom material expression Custom.
[2018.11.25-04.19.46:687][  0]SourceControl: Info Source control is disabled
[2018.11.25-04.19.46:688][  0]SourceControl: Info Source control is disabled
[2018.11.25-04.19.46:768][  0]SourceControl: Info Source control is disabled
[2018.11.25-04.19.46:847][  0]SourceControl: Info Source control is disabled
[2018.11.25-04.19.47:059][  0]LogStreaming:Warning: Failed to read file '../../../Engine/Plugins/DialogueSystem/Content/Icons/QuestBookEditor/icon_Add_Quest_40x.png' error.
[2018.11.25-04.19.47:059][  0]LogSlate: Could not find file for Slate resource: ../../../Engine/Plugins/DialogueSystem/Content/Icons/QuestBookEditor/icon_Add_Quest_40x.png
[2018.11.25-04.19.48:060][  0]LogAndroidPermission: UAndroidPermissionCallbackProxy::GetInstance
[2018.11.25-04.19.49:022][  0]LogEngine: Initializing Engine...
[2018.11.25-04.19.49:023][  0]LogHMD: Failed to initialize OpenVR with code 110
[2018.11.25-04.19.49:219][  0]LogStats: UGameplayTagsManager::ConstructGameplayTagTree: Construct from data asset -  0.000 s
[2018.11.25-04.19.49:219][  0]LogStats: UGameplayTagsManager::ConstructGameplayTagTree: GameplayTagTreeChangedEvent.Broadcast -  0.000 s
[2018.11.25-04.19.49:459][  0]LogAIModule: Creating AISystem for world Untitled
[2018.11.25-04.19.49:469][  0]LogInit: XAudio2 using 'Speakers (Conexant SmartAudio HD)' : 2 channels at 48 kHz using 32 bits per sample (channel mask 0x3)
[2018.11.25-04.19.49:519][  0]LogInit: FAudioDevice initialized.
[2018.11.25-04.19.49:610][  0]LogDerivedDataCache: Saved boot cache 0.09s 90MB C:/Users/Digital_Silence/AppData/Local/UnrealEngine/4.16/DerivedDataCache/Boot.ddc.
[2018.11.25-04.19.49:622][  0]LogInit: Texture streaming: Enabled
[2018.11.25-04.19.49:783][  0]LogEngineSessionManager: EngineSessionManager initialized
[2018.11.25-04.19.50:140][  0]LogInit: Transaction tracking system initialized
[2018.11.25-04.19.50:672][  0]BlueprintLog: New page: Editor Load
[2018.11.25-04.19.52:233][  0]LocalizationService: Info Localization service is disabled
[2018.11.25-04.19.53:623][  0]LogConsoleResponse:Display: 
[2018.11.25-04.19.53:875][  0]LogCook:Display: Max memory allowance for cook 16384mb min free memory 0mb
[2018.11.25-04.19.53:875][  0]LogCook:Display: Mobile HDR setting 1
[2018.11.25-04.19.54:785][  0]LogFileCache: Scanning file cache for directory 'E:/Project Unreal Engine 4/Tugas KP/KP_remastered2/Content/' took 0.02s
[2018.11.25-04.19.55:625][  0]SourceControl: Info Source control is disabled
[2018.11.25-04.19.55:625][  0]Cmd: MAP LOAD FILE="E:/Project Unreal Engine 4/Tugas KP/KP_remastered2/Content/ProgramBluePrint/MainMenu/MainMenu.umap" TEMPLATE=0 SHOWPROGRESS=1 FEATURELEVEL=3
[2018.11.25-04.19.55:682][  0]LightingResults: New page: Lighting Build
[2018.11.25-04.19.55:751][  0]MapCheck: New page: Map Check
[2018.11.25-04.19.55:751][  0]LightingResults: New page: Lighting Build
[2018.11.25-04.19.56:253][  0]LogAudioDerivedData:Display: Building compressed audio format OGG wave CSG_Simple_UI_03...
[2018.11.25-04.19.56:330][  0]LogAudioDerivedData:Display: Building compressed audio format OGG wave SB_In-Game_Theme_02_30s...
[2018.11.25-04.19.57:028][  0]LogAIModule: Creating AISystem for world MainMenu
[2018.11.25-04.19.57:035][  0]LogEditorServer: Finished looking for orphan Actors (0.000 secs)
[2018.11.25-04.19.57:054][  0]Cmd: MAP CHECKDEP NOCLEARLOG
[2018.11.25-04.19.57:117][  0]MapCheck: Info Map check complete: 0 Error(s), 0 Warning(s), took 62.95ms to complete.
[2018.11.25-04.19.57:117][  0]LogFileHelpers: Loading map 'MainMenu' took 1.492
[2018.11.25-04.19.57:323][  0]LogCollectionManager: Loaded 0 collections in 0.002332 seconds
[2018.11.25-04.19.57:463][  0]LogFileCache: Scanning file cache for directory 'E:/Project Unreal Engine 4/Tugas KP/KP_remastered2/Saved/Collections/' took 0.01s
[2018.11.25-04.19.57:463][  0]LogFileCache: Scanning file cache for directory 'E:/Project Unreal Engine 4/Tugas KP/KP_remastered2/Content/Developers/DigitalSilence/Collections/' took 0.01s
[2018.11.25-04.19.57:463][  0]LogFileCache: Scanning file cache for directory 'E:/Project Unreal Engine 4/Tugas KP/KP_remastered2/Content/Collections/' took 0.01s
[2018.11.25-04.19.57:463][  0]LogCollectionManager: Rebuilt the GUID cache for 0 collections in 0.000002 seconds
[2018.11.25-04.19.57:474][  0]LogContentBrowser: Native class hierarchy populated in 0.0109 seconds. Added 2342 classes and 496 folders.
[2018.11.25-04.19.57:596][  0]LogContentBrowser: Native class hierarchy updated for 'WidgetCarousel' in 0.0005 seconds. Added 0 classes and 0 folders.
[2018.11.25-04.19.57:657][  0]LogContentBrowser: Native class hierarchy updated for 'AddContentDialog' in 0.0005 seconds. Added 0 classes and 0 folders.
[2018.11.25-04.19.57:727][  0]LogContentBrowser: Native class hierarchy updated for 'SceneOutliner' in 0.0005 seconds. Added 1 classes and 2 folders.
[2018.11.25-04.19.57:783][  0]LogCrashTracker: Crashtracker disabled due to settings.
[2018.11.25-04.19.57:789][  0]LogSlate: Took 0.000370 seconds to synchronously load lazily loaded font '../../../Engine/Content/Slate/Fonts/Roboto-Regular.ttf' (155K)
[2018.11.25-04.19.57:792][  0]LogSlate: Took 0.000288 seconds to synchronously load lazily loaded font '../../../Engine/Content/Slate/Fonts/Roboto-Bold.ttf' (160K)
[2018.11.25-04.19.57:803][  0]LogSlate: Took 0.000562 seconds to synchronously load lazily loaded font '../../../Engine/Content/Editor/Slate/Fonts/FontAwesome.ttf' (139K)
[2018.11.25-04.19.57:906][  0]LogRenderer: Reallocating scene render targets to support 784x380 NumSamples 1 (Frame:1).
[2018.11.25-04.19.58:025][  0]LogUObjectGlobals:Warning: Failed to find object 'Class None.'
[2018.11.25-04.19.58:125][  0]LogContentBrowser: Native class hierarchy updated for 'HierarchicalLODOutliner' in 0.0006 seconds. Added 1 classes and 2 folders.
[2018.11.25-04.19.58:125][  0]LogLoad: (Engine Initialization) Total time: 26.41 seconds
[2018.11.25-04.19.58:125][  0]LogLoad: (Engine Initialization) Total Blueprint compile time: 0.11 seconds
[2018.11.25-04.19.58:125][  0]LogExternalProfiler: No external profilers were discovered.  External profiling features will not be available.
[2018.11.25-04.19.58:143][  0]LogWindowsTextInputMethodSystem:Display: IME system now deactivated.
[2018.11.25-04.19.58:143][  0]LogOcInput: OculusInput pre-init called
[2018.11.25-04.19.58:143][  0]LogHMD: Starting GearVRController plugin
[2018.11.25-04.19.58:160][  0]LogContentStreaming: Texture pool size now 600 MB
[2018.11.25-04.19.58:202][  1]LogAssetRegistry: Asset discovery search completed in 16.6887 seconds
[2018.11.25-04.19.58:204][  1]LogCollectionManager: Rebuilt the object cache for 0 collections in 0.000000 seconds (found 0 objects)
[2018.11.25-04.19.58:204][  1]LogCollectionManager: Fixed up redirectors for 0 collections in 0.000039 seconds (updated 0 objects)
[2018.11.25-04.20.02:235][238]LogSlate: Took 0.000261 seconds to synchronously load lazily loaded font '../../../Engine/Content/Slate/Fonts/Roboto-Light.ttf' (159K)
[2018.11.25-04.20.30:109][893]LogSlate: Took 0.000163 seconds to synchronously load lazily loaded font '../../../Engine/Content/Slate/Fonts/Roboto-Light.ttf' (159K)
[2018.11.25-04.20.31:168][893]LogSlate: Took 0.000194 seconds to synchronously load lazily loaded font '../../../Engine/Content/Slate/Fonts/Roboto-Regular.ttf' (155K)
[2018.11.25-04.20.40:850][893]LogAudioDerivedData:Display: Building compressed audio format OGG wave CGM_Game_Lose_1__fast_...
[2018.11.25-04.20.41:081][893]LogTexture:Display: Building textures: Wall_Color (AutoDXT, 1024X1024)
[2018.11.25-04.20.41:231][893]LogMaterial: Missing cached shader map for material M_Statue, compiling. 
[2018.11.25-04.20.41:294][893]LogStaticMesh: Building static mesh Statue...
[2018.11.25-04.20.41:424][893]LogStaticMesh: Built static mesh [0.13s] /Game/ArchVis/Mesh/Statue.Statue
[2018.11.25-04.20.41:440][893]LogStaticMesh: Building static mesh SM_Vase_1...
[2018.11.25-04.20.41:454][893]LogStaticMesh: Built static mesh [0.01s] /Game/ArchVis/Mesh/SM_Vase_1.SM_Vase_1
[2018.11.25-04.20.41:583][893]LogTexture:Display: Building textures: T_SlidingDoor_N (BC5, 2048X2048)
[2018.11.25-04.20.42:561][893]LogTexture:Display: Building textures: T_SlidingDoor_M (DXT1, 2048X2048)
[2018.11.25-04.20.43:411][893]LogTexture:Display: Building textures: T_SlidingDoor_AOMask (DXT1, 2048X2048)
[2018.11.25-04.20.45:338][893]LogMaterial: Missing cached shader map for material M_SlidingDoor_Mat, compiling. 
[2018.11.25-04.20.45:378][893]LogStaticMesh: Building static mesh SM_SlidingDoors...
[2018.11.25-04.20.45:397][893]LogStaticMesh: Built static mesh [0.02s] /Game/ArchVis/Mesh/SM_SlidingDoors.SM_SlidingDoors
[2018.11.25-04.20.45:504][893]LogTexture:Display: Building textures: T_Shelving_N (BC5, 2048X2048)
[2018.11.25-04.20.46:293][893]LogTexture:Display: Building textures: T_Shelving_M (AutoDXT, 2048X2048)
[2018.11.25-04.20.47:665][893]LogTexture:Display: Building textures: T_Wood (DXT1, 2048X2048)
[2018.11.25-04.20.53:100][893]LogTexture:Display: Building textures: T_Wood_S (AutoDXT, 2048X2048)
[2018.11.25-04.20.56:131][893]LogMaterial: Missing cached shader map for material M_Shelving, compiling. 
[2018.11.25-04.20.56:184][893]LogStaticMesh: Building static mesh SM_Shelving...
[2018.11.25-04.20.56:193][893]LogStaticMesh: Built static mesh [0.02s] /Game/ArchVis/Mesh/SM_Shelving.SM_Shelving
[2018.11.25-04.20.56:233][893]LogTexture:Display: Building textures: T_RoundCeilingLight_N (BC5, 1024X1024)
[2018.11.25-04.20.56:453][893]LogTexture:Display: Building textures: T_Table_M (DXT1, 2048X2048)
[2018.11.25-04.20.57:051][893]LogTexture:Display: Building textures: T_Table_N (BC5, 2048X2048)
[2018.11.25-04.20.57:795][893]LogTexture:Display: Building textures: T_Table_AOMASK (DXT1, 2048X2048)
[2018.11.25-04.20.58:720][893]LogMaterial: Missing cached shader map for material M_CoffeTable_MAT, compiling. 
[2018.11.25-04.20.58:758][893]LogStaticMesh: Building static mesh SM_CoffeeTable...
[2018.11.25-04.20.58:767][893]LogStaticMesh: Built static mesh [0.01s] /Game/ArchVis/Mesh/SM_CoffeeTable.SM_CoffeeTable
[2018.11.25-04.20.58:773][893]LogMaterial: Missing cached shader map for material _auto_1, compiling. 
[2018.11.25-04.20.58:823][893]LogStaticMesh: Building static mesh SM_Carpet...
[2018.11.25-04.20.58:887][893]LogStaticMesh: Built static mesh [0.06s] /Game/ArchVis/Mesh/SM_Carpet.SM_Carpet
[2018.11.25-04.20.58:908][893]LogMaterial: Missing cached shader map for material M_Ceramic_Mat, compiling. 
[2018.11.25-04.20.58:988][893]LogTexture:Display: Building textures: 5152_6 (AutoDXT, 8X8)
[2018.11.25-04.20.58:988][893]LogTexture:Display: Building textures: 5148_6 (AutoDXT, 8X8)
[2018.11.25-04.20.58:992][893]LogMaterial: Missing cached shader map for material Material_191, compiling. 
[2018.11.25-04.20.59:022][893]LogStaticMesh: Building static mesh BookLP...
[2018.11.25-04.20.59:029][893]LogStaticMesh: Built static mesh [0.01s] /Game/ArchVis/Mesh/BookLP.BookLP
[2018.11.25-04.20.59:060][893]LogMaterial: Missing cached shader map for material M_Glass, compiling. 
[2018.11.25-04.20.59:141][893]LogTexture:Display: Building textures: T_DustParticles_M (DXT1, 512X512)
[2018.11.25-04.20.59:243][893]LogTexture:Display: Building textures: book_occlusion (DXT1, 2048X2048)
[2018.11.25-04.21.00:045][893]LogTexture:Display: Building textures: book_normals (BC5, 2048X2048)
[2018.11.25-04.21.00:717][893]LogMaterial: Missing cached shader map for material M_Book_Mat, compiling. 
[2018.11.25-04.21.00:826][893]LogTexture:Display: Building textures: 4674_2 (AutoDXT, 2048X2048)
[2018.11.25-04.21.01:624][893]LogTexture:Display: Building textures: 4669_2 (AutoDXT, 8X8)
[2018.11.25-04.21.01:628][893]LogMaterial: Missing cached shader map for material Material_151, compiling. 
[2018.11.25-04.21.01:654][893]LogTexture:Display: Building textures: It_066_WoodBridge (AutoDXT, 64X64)
[2018.11.25-04.21.01:666][893]LogMaterial: Missing cached shader map for material woodbridge_mat, compiling. 
[2018.11.25-04.21.01:721][893]LogTexture:Display: Building textures: T_CoatHookBack_M (AutoDXT, 1024X1024)
[2018.11.25-04.21.01:985][893]LogMaterial: Missing cached shader map for material M_CoathookBack, compiling. 
[2018.11.25-04.21.02:146][893]LogTexture:Display: Building textures: T_Door_AOMask (DXT1, 2048X2048)
[2018.11.25-04.21.03:856][893]LogTexture:Display: Building textures: T_Door_M (DXT1, 2048X2048)
[2018.11.25-04.21.04:539][893]LogTexture:Display: Building textures: T_Door_N (BC5, 2048X2048)
[2018.11.25-04.21.05:371][893]LogTexture:Display: Building textures: T_Anisotrophic_M (DXT1, 1024X1024)
[2018.11.25-04.21.07:152][893]LogTexture:Display: Building textures: T_Anisotrophic_N (BC5, 1024X1024)
[2018.11.25-04.21.07:398][893]LogMaterial: Missing cached shader map for material M_Door_MAT, compiling. 
[2018.11.25-04.21.07:438][893]LogStaticMesh: Building static mesh CoatHookBacking...
[2018.11.25-04.21.07:448][893]LogStaticMesh: Built static mesh [0.01s] /Game/ArchVis/Mesh/CoatHookBacking.CoatHookBacking
[2018.11.25-04.21.07:451][893]LogStaticMesh: Building static mesh SM_Door...
[2018.11.25-04.21.07:480][893]LogStaticMesh: Built static mesh [0.03s] /Game/ArchVis/Mesh/SM_Door.SM_Door
[2018.11.25-04.21.07:488][893]LogStaticMesh: Building static mesh SM_Bowl...
[2018.11.25-04.21.07:510][893]LogStaticMesh: Built static mesh [0.02s] /Game/ArchVis/Mesh/SM_Bowl.SM_Bowl
[2018.11.25-04.21.07:586][893]LogMaterial: Missing cached shader map for material M_Black_MAT, compiling. 
[2018.11.25-04.21.07:624][893]LogStaticMesh: Building static mesh SM_BlackBox...
[2018.11.25-04.21.07:625][893]LogStaticMesh: Built static mesh [0.00s] /Game/ArchVis/Mesh/SM_BlackBox.SM_BlackBox
[2018.11.25-04.21.08:147][893]LogTexture:Display: Building textures: T_Leather_N (BC5, 2048X2048)
[2018.11.25-04.21.09:927][893]LogTexture:Display: Building textures: T_Leather_D (DXT1, 2048X2048)
[2018.11.25-04.21.19:945][893]LogTexture:Display: Building textures: T_Couch_N (BC5, 4096X4096)
[2018.11.25-04.21.22:942][893]LogTexture:Display: Building textures: T_Couch_Mask (DXT1, 2048X2048)
[2018.11.25-04.21.24:566][893]LogTexture:Display: Building textures: T_Couch_AO (AutoDXT, 4096X4096)
[2018.11.25-04.21.42:972][893]LogTexture:Display: Building textures: T_Cloth_N (BC5, 2048X2048)
[2018.11.25-04.21.44:346][893]LogTexture:Display: Building textures: T_Cloth_D (DXT1, 2048X2048)
[2018.11.25-04.21.50:050][893]LogTexture:Display: Building textures: T_Fabric_M (DXT1, 1024X1024)
[2018.11.25-04.21.51:724][893]LogTexture:Display: Building textures: T_Fabric_N (BC5, 1024X1024)
[2018.11.25-04.21.52:000][893]LogMaterial: Missing cached shader map for material M_Curtain_MAT, compiling. 
[2018.11.25-04.21.52:060][893]LogMaterial: Missing cached shader map for material Wall_Material, compiling. 
[2018.11.25-04.21.52:101][893]LogStaticMesh: Building static mesh SM_Curtain...
[2018.11.25-04.21.52:106][893]LogStaticMesh: Built static mesh [0.01s] /Game/ArchVis/Mesh/SM_Curtain.SM_Curtain
[2018.11.25-04.21.52:108][893]LogStaticMesh: Building static mesh House_Cube...
[2018.11.25-04.21.52:234][893]LogStaticMesh: Built static mesh [0.13s] /Game/Building/House_Cube.House_Cube
[2018.11.25-04.21.52:409][893]LogTexture:Display: Building textures: T_Leather_S (DXT1, 2048X2048)
[2018.11.25-04.21.53:789][893]LogMaterial: Missing cached shader map for material M_Couch_NOSSS_Mat, compiling. 
[2018.11.25-04.21.53:846][893]LogStaticMesh: Building static mesh SM_Couch...
[2018.11.25-04.21.53:928][893]LogStaticMesh: Built static mesh [0.08s] /Game/ArchVis/Mesh/SM_Couch.SM_Couch
[2018.11.25-04.21.53:992][893]LogTexture:Display: Building textures: T_RoundCeilingLight_M (DXT1, 1024X1024)
[2018.11.25-04.21.54:392][893]LogTexture:Display: Building textures: T_RoundCeilingLight_AO (DXT1, 1024X1024)
[2018.11.25-04.21.54:735][893]LogMaterial: Missing cached shader map for material M_RoundCeilingLight_Mat, compiling. 
[2018.11.25-04.21.54:776][893]LogStaticMesh: Building static mesh SM_RoundCeilingLight...
[2018.11.25-04.21.54:779][893]LogStaticMesh: Built static mesh [0.00s] /Game/ArchVis/Mesh/SM_RoundCeilingLight.SM_RoundCeilingLight
[2018.11.25-04.21.55:277][893]LogTexture:Display: Building textures: T_PlantSoil_N (BC5, 2048X2048)
[2018.11.25-04.21.56:762][893]LogTexture:Display: Building textures: T_PlantSoil_D (DXT1, 2048X2048)
[2018.11.25-04.22.05:523][893]LogTexture:Display: Building textures: T_PlantPot_N (BC5, 2048X2048)
[2018.11.25-04.22.06:427][893]LogTexture:Display: Building textures: T_PlantPot_M (DXT1, 2048X2048)
[2018.11.25-04.22.08:108][893]LogMaterial: Missing cached shader map for material M_PlantPot_Mat, compiling. 
[2018.11.25-04.22.08:329][893]LogTexture:Display: Building textures: T_PlantLeaf_N (BC5, 2048X2048)
[2018.11.25-04.22.09:118][893]LogTexture:Display: Building textures: T_PlantLeaf_M (DXT1, 2048X2048)
[2018.11.25-04.22.09:913][893]LogTexture:Display: Building textures: T_PlantLeaf_D (DXT1, 2048X2048)
[2018.11.25-04.22.12:298][893]LogMaterial: Missing cached shader map for material M_PlantLeaf_Mat, compiling. 
[2018.11.25-04.22.12:508][893]LogTexture:Display: Building textures: T_PlantBark_D (DXT1, 512X2048)
[2018.11.25-04.22.14:765][893]LogMaterial: Missing cached shader map for material M_PlantBark_Mat, compiling. 
[2018.11.25-04.22.14:818][893]LogStaticMesh: Building static mesh SM_Plant...
[2018.11.25-04.22.14:928][893]LogStaticMesh: Built static mesh [0.11s] /Game/ArchVis/Mesh/SM_Plant.SM_Plant
[2018.11.25-04.22.15:082][893]LogTexture:Display: Building textures: T_FloorLamp_N (BC5, 2048X2048)
[2018.11.25-04.22.15:837][893]LogTexture:Display: Building textures: T_FloorLamp_M (DXT1, 2048X2048)
[2018.11.25-04.22.16:535][893]LogTexture:Display: Building textures: T_FloorLamp_AO (DXT1, 2048X2048)
[2018.11.25-04.22.18:181][893]LogMaterial: Missing cached shader map for material M_FloorLamp_Mat, compiling. 
[2018.11.25-04.22.18:252][893]LogTexture:Display: Building textures: T_DeskLamp_N (BC5, 1024X1024)
[2018.11.25-04.22.18:480][893]LogTexture:Display: Building textures: 5130_2 (AutoDXT, 2048X2048)
[2018.11.25-04.22.19:213][893]LogTexture:Display: Building textures: 5134_2 (AutoDXT, 2048X2048)
[2018.11.25-04.22.20:128][893]LogMaterial: Missing cached shader map for material Material_179, compiling. 
[2018.11.25-04.22.20:156][893]LogStaticMesh: Building static mesh Laci...
[2018.11.25-04.22.20:168][893]LogStaticMesh: Built static mesh [0.01s] /Game/Indoor/Laci.Laci
[2018.11.25-04.22.20:189][893]LogTexture:Display: Building textures: 5148_2 (AutoDXT, 8X8)
[2018.11.25-04.22.20:189][893]LogTexture:Display: Building textures: 5152_2 (AutoDXT, 8X8)
[2018.11.25-04.22.20:192][893]LogMaterial: Missing cached shader map for material Material_183, compiling. 
[2018.11.25-04.22.20:267][893]LogTexture:Display: Building textures: 5143_2 (AutoDXT, 2048X2048)
[2018.11.25-04.22.21:246][893]LogTexture:Display: Building textures: 5139_2 (AutoDXT, 2048X2048)
[2018.11.25-04.22.21:905][893]LogMaterial: Missing cached shader map for material Material_181, compiling. 
[2018.11.25-04.22.21:932][893]LogTexture:Display: Building textures: 5148_4 (AutoDXT, 8X8)
[2018.11.25-04.22.21:932][893]LogTexture:Display: Building textures: 5152_4 (AutoDXT, 8X8)
[2018.11.25-04.22.21:935][893]LogMaterial: Missing cached shader map for material Material_187, compiling. 
[2018.11.25-04.22.21:962][893]LogTexture:Display: Building textures: 5152_3 (AutoDXT, 8X8)
[2018.11.25-04.22.21:963][893]LogTexture:Display: Building textures: 5148_3 (AutoDXT, 8X8)
[2018.11.25-04.22.21:966][893]LogMaterial: Missing cached shader map for material Material_185, compiling. 
[2018.11.25-04.22.22:023][893]LogMaterial: Missing cached shader map for material M_DeskLamp_Mat, compiling. 
[2018.11.25-04.22.22:081][893]LogStaticMesh: Building static mesh SM_DeskLamp...
[2018.11.25-04.22.22:124][893]LogStaticMesh: Built static mesh [0.04s] /Game/ArchVis/Mesh/SM_DeskLamp.SM_DeskLamp
[2018.11.25-04.22.22:133][893]LogTexture:Display: Building textures: It_033_bookshelf (AutoDXT, 64X64)
[2018.11.25-04.22.22:144][893]LogMaterial: Missing cached shader map for material It_033_bookshelf_mat, compiling. 
[2018.11.25-04.22.22:176][893]LogStaticMesh: Building static mesh Bookshelf...
[2018.11.25-04.22.22:207][893]LogStaticMesh: Built static mesh [0.03s] /Game/Indoor/Bookshelf.Bookshelf
[2018.11.25-04.22.22:217][893]LogTexture:Display: Building textures: It_032_bureau (AutoDXT, 64X64)
[2018.11.25-04.22.22:229][893]LogMaterial: Missing cached shader map for material It_032_mat, compiling. 
[2018.11.25-04.22.22:336][893]LogTexture:Display: Building textures: 4655_2 (AutoDXT, 2048X2048)
[2018.11.25-04.22.23:133][893]LogTexture:Display: Building textures: 4659_2 (AutoDXT, 8X8)
[2018.11.25-04.22.23:178][893]LogMaterial: Missing cached shader map for material Material_147, compiling. 
[2018.11.25-04.22.23:204][893]LogTexture:Display: Building textures: 4649_2 (AutoDXT, 8X8)
[2018.11.25-04.22.23:238][893]LogTexture:Display: Building textures: 4645_2 (AutoDXT, 2048X2048)
[2018.11.25-04.22.23:990][893]LogMaterial: Missing cached shader map for material Material_145, compiling. 
[2018.11.25-04.22.24:017][893]LogStaticMesh: Building static mesh Cangkir...
[2018.11.25-04.22.39:856][893]LogStaticMesh: Built static mesh [15.84s] /Game/Indoor/Cangkir.Cangkir
[2018.11.25-04.22.39:945][893]LogMaterial: Missing cached shader map for material Material_235, compiling. 
[2018.11.25-04.22.39:972][893]LogStaticMesh: Building static mesh DSPaint...
[2018.11.25-04.22.39:975][893]LogStaticMesh: Built static mesh [0.00s] /Game/Indoor/DSPaint.DSPaint
[2018.11.25-04.22.39:976][893]LogTexture:Display: Building textures: 4669_3 (AutoDXT, 8X8)
[2018.11.25-04.22.39:976][893]LogTexture:Display: Building textures: 4665_2 (AutoDXT, 8X8)
[2018.11.25-04.22.39:981][893]LogMaterial: Missing cached shader map for material Material_149, compiling. 
[2018.11.25-04.22.40:321][893]LogTexture:Display: Building textures: eb_dresser_01_n (BC5, 2048X2048)
[2018.11.25-04.22.41:502][893]LogTexture:Display: Building textures: eb_dresser_01_g (AutoDXT, 2048X2048)
[2018.11.25-04.22.45:101][893]LogTexture:Display: Building textures: eb_dresser_01_c (AutoDXT, 2048X2048)
[2018.11.25-04.22.50:906][893]LogMaterial: Missing cached shader map for material eb_dresser_02, compiling. 
[2018.11.25-04.22.50:932][893]LogStaticMesh: Building static mesh eb_dresser_01...
[2018.11.25-04.22.50:967][893]LogStaticMesh: Built static mesh [0.04s] /Game/Indoor/eb_dresser_01.eb_dresser_01
[2018.11.25-04.22.51:027][893]LogTexture:Display: Building textures: 6182_2 (AutoDXT, 2048X2048)
[2018.11.25-04.22.52:000][893]LogTexture:Display: Building textures: 6178_2 (AutoDXT, 2048X2048)
[2018.11.25-04.22.52:770][893]LogMaterial: Missing cached shader map for material Material_238, compiling. 
[2018.11.25-04.22.52:799][893]LogMaterial: Missing cached shader map for material It_035_Kitchen_mat, compiling. 
[2018.11.25-04.22.52:867][893]LogStaticMesh: Building static mesh Laptop...
[2018.11.25-04.22.52:874][893]LogStaticMesh: Built static mesh [0.01s] /Game/Indoor/Laptop.Laptop
[2018.11.25-04.22.52:874][893]LogTexture:Display: Building textures: 5152_5 (AutoDXT, 8X8)
[2018.11.25-04.22.52:875][893]LogTexture:Display: Building textures: 5148_5 (AutoDXT, 8X8)
[2018.11.25-04.22.52:879][893]LogMaterial: Missing cached shader map for material Material_189, compiling. 
[2018.11.25-04.22.52:990][893]LogTexture:Display: Building textures: 1116_2 (AutoDXT, 2048X2048)
[2018.11.25-04.22.53:788][893]LogTexture:Display: Building textures: 1120_2 (AutoDXT, 2048X2048)
[2018.11.25-04.22.55:321][893]LogMaterial: Missing cached shader map for material Material_71, compiling. 
[2018.11.25-04.22.55:450][893]LogStaticMesh: Building static mesh MejaKamar...
[2018.11.25-04.22.55:478][893]LogStaticMesh: Built static mesh [0.13s] /Game/Indoor/MejaKamar.MejaKamar
[2018.11.25-04.22.55:556][893]LogTexture:Display: Building textures: 3653_2 (AutoDXT, 2048X2048)
[2018.11.25-04.22.56:965][893]LogTexture:Display: Building textures: 3649_2 (AutoDXT, 2048X2048)
[2018.11.25-04.22.57:787][893]LogMaterial: Missing cached shader map for material Material_61, compiling. 
[2018.11.25-04.22.57:832][893]LogAudioDerivedData:Display: Building compressed audio format OGG wave CGM3_Treehouse_SPRING_Lite_1_Loop...
[2018.11.25-04.22.59:614][893]LogTexture:Display: Building textures: knife010_0 (AutoDXT, 128X128)
[2018.11.25-04.22.59:627][893]LogMaterial: Missing cached shader map for material knife010_mat, compiling. 
[2018.11.25-04.22.59:654][893]LogStaticMesh: Building static mesh knife010...
[2018.11.25-04.22.59:662][893]LogStaticMesh: Built static mesh [0.01s] /Game/Item/knife010.knife010
[2018.11.25-04.22.59:663][893]LogTexture:Display: Building textures: It_042_chair (AutoDXT, 32X32)
[2018.11.25-04.22.59:668][893]LogMaterial: Missing cached shader map for material chair_mat, compiling. 
[2018.11.25-04.22.59:740][893]LogTexture:Display: Building textures: It_039_wallClock (AutoDXT, 64X128)
[2018.11.25-04.22.59:757][893]LogMaterial: Missing cached shader map for material wallclock_mat, compiling. 
[2018.11.25-04.22.59:818][893]LogTexture:Display: Building textures: shadow001 (AutoDXT, 64X64)
[2018.11.25-04.22.59:827][893]LogMaterial: Missing cached shader map for material add_mat, compiling. 
[2018.11.25-04.22.59:950][893]LogTexture:Display: Building textures: 6098_2 (AutoDXT, 2048X2048)
[2018.11.25-04.23.00:954][893]LogTexture:Display: Building textures: 6094_2 (AutoDXT, 2048X2048)
[2018.11.25-04.23.01:727][893]LogMaterial: Missing cached shader map for material Material_229, compiling. 
[2018.11.25-04.23.01:761][893]LogTexture:Display: Building textures: 6088_2 (BGRA8, 457X343)
[2018.11.25-04.23.01:800][893]LogMaterial: Missing cached shader map for material Material_227, compiling. 
[2018.11.25-04.23.01:824][893]LogStaticMesh: Building static mesh SwordPaint...
[2018.11.25-04.23.01:827][893]LogStaticMesh: Built static mesh [0.00s] /Game/Indoor/SwordPaint.SwordPaint
[2018.11.25-04.23.01:843][893]LogMaterial: Missing cached shader map for material shadow_mat, compiling. 
[2018.11.25-04.23.01:906][893]LogTexture:Display: Building textures: It_069_bed01 (AutoDXT, 64X64)
[2018.11.25-04.23.01:916][893]LogMaterial: Missing cached shader map for material It_069_bed01_mat, compiling. 
[2018.11.25-04.23.01:985][893]LogTexture:Display: Building textures: It_038_counter_edge (AutoDXT, 64X32)
[2018.11.25-04.23.01:992][893]LogMaterial: Missing cached shader map for material It_038_counter_side, compiling. 
[2018.11.25-04.23.02:053][893]LogTexture:Display: Building textures: It_038_counter_center (AutoDXT, 64X32)
[2018.11.25-04.23.02:059][893]LogMaterial: Missing cached shader map for material It_038_counter_center1, compiling. 
[2018.11.25-04.23.02:131][893]LogMaterial: Missing cached shader map for material It_038_counter_center2, compiling. 
[2018.11.25-04.23.02:240][893]LogTexture:Display: Building textures: FoodUIIcon (BGRA8, 63X65)
[2018.11.25-04.23.02:246][893]LogTexture:Display: Building textures: SprintUIIcon (BGRA8, 47X53)
[2018.11.25-04.23.03:064][893]LogAIModule: Creating AISystem for world ThirdPersonExampleMap
[2018.11.25-04.23.03:161][893]Cmd: MAP LOAD FILE="E:/Project Unreal Engine 4/Tugas KP/KP_remastered2/Content/ThirdPersonBP/Maps/ThirdPersonExampleMap.umap" TEMPLATE=0 SHOWPROGRESS=1 FEATURELEVEL=3
[2018.11.25-04.23.03:161][893]LightingResults: New page: Lighting Build
[2018.11.25-04.23.03:162][893]LoadErrors: New page: Loading map: ThirdPersonExampleMap.umap
[2018.11.25-04.23.03:163][893]MapCheck: New page: Map Check
[2018.11.25-04.23.03:163][893]LightingResults: New page: Lighting Build
[2018.11.25-04.23.03:562][893]LogEditorServer: Finished looking for orphan Actors (0.000 secs)
[2018.11.25-04.23.03:662][893]Cmd: MAP CHECKDEP NOCLEARLOG
[2018.11.25-04.23.03:857][893]MapCheck: Info Map check complete: 0 Error(s), 0 Warning(s), took 195.213ms to complete.
[2018.11.25-04.23.03:858][893]LogFileHelpers: Loading map 'ThirdPersonExampleMap' took 0.698
[2018.11.25-04.23.04:034][896]LogHttp:Warning: 0000019893F5CA00: request failed, libcurl error: 6 (Couldn't resolve host name)
[2018.11.25-04.23.04:034][896]LogHttp:Warning: 0000019893F5CA00: libcurl info message cache 0 (Could not resolve host: datarouter.ol.epicgames.com)
[2018.11.25-04.23.04:034][896]LogHttp:Warning: 0000019893F5CA00: libcurl info message cache 1 (Closing connection 0)
[2018.11.25-04.24.58:166][555]LogHttp:Warning: 000001992981DC00: request failed, libcurl error: 6 (Couldn't resolve host name)
[2018.11.25-04.24.58:166][555]LogHttp:Warning: 000001992981DC00: libcurl info message cache 0 (Could not resolve host: datarouter.ol.epicgames.com)
[2018.11.25-04.24.58:166][555]LogHttp:Warning: 000001992981DC00: libcurl info message cache 1 (Closing connection 1)
[2018.11.25-04.25.58:176][144]LogHttp:Warning: 000001992A019180: request failed, libcurl error: 6 (Couldn't resolve host name)
[2018.11.25-04.25.58:176][144]LogHttp:Warning: 000001992A019180: libcurl info message cache 0 (Could not resolve host: datarouter.ol.epicgames.com)
[2018.11.25-04.25.58:176][144]LogHttp:Warning: 000001992A019180: libcurl info message cache 1 (Closing connection 2)
[2018.11.25-04.27.57:999][289]Cmd: QUIT_EDITOR
[2018.11.25-04.27.58:065][289]LogWindowsTextInputMethodSystem:Display: IME system now deactivated.
[2018.11.25-04.27.58:075][289]LogExit: Preparing to exit.
[2018.11.25-04.27.58:714][289]LogExit: Editor shut down
[2018.11.25-04.27.58:718][289]LogExit: Transaction tracking system shut down
[2018.11.25-04.27.58:850][289]LogObj: Freed 0b from 0 cluster array pools.
[2018.11.25-04.27.58:850][289]LogExit: Object subsystem successfully closed.
[2018.11.25-04.27.58:873][289]LogD3D11RHI: Shutdown
[2018.11.25-04.27.58:873][289]LogD3D11RHI: CleanupD3DDevice
[2018.11.25-04.27.58:952][289]LogD3D11RHI: ~FD3D11DynamicRHI
[2018.11.25-04.27.58:974][289]LogModuleManager: Shutting down and abandoning module HierarchicalLODOutliner (528)
[2018.11.25-04.27.58:974][289]LogModuleManager: Shutting down and abandoning module CrashTracker (526)
[2018.11.25-04.27.58:974][289]LogModuleManager: Shutting down and abandoning module SceneOutliner (524)
[2018.11.25-04.27.58:974][289]LogModuleManager: Shutting down and abandoning module AddContentDialog (522)
[2018.11.25-04.27.58:974][289]LogDirectoryWatcher: A directory notification for 'C:/Program Files/Epic Games/UE_4.16/FeaturePacks/' was aborted.
[2018.11.25-04.27.58:975][289]LogModuleManager: Shutting down and abandoning module WidgetCarousel (521)
[2018.11.25-04.27.58:975][289]LogModuleManager: Shutting down and abandoning module EditorWidgets (518)
[2018.11.25-04.27.58:975][289]LogModuleManager: Shutting down and abandoning module CollectionManager (516)
[2018.11.25-04.27.58:975][289]LogDirectoryWatcher: A directory notification for 'E:/Project Unreal Engine 4/Tugas KP/KP_remastered2/Content/Collections/' was aborted.
[2018.11.25-04.27.58:975][289]LogDirectoryWatcher: A directory notification for 'E:/Project Unreal Engine 4/Tugas KP/KP_remastered2/Content/Developers/DigitalSilence/Collections/' was aborted.
[2018.11.25-04.27.58:975][289]LogDirectoryWatcher: A directory notification for 'E:/Project Unreal Engine 4/Tugas KP/KP_remastered2/Saved/Collections/' was aborted.
[2018.11.25-04.27.58:975][289]LogModuleManager: Shutting down and abandoning module StatsViewer (514)
[2018.11.25-04.27.58:975][289]LogModuleManager: Shutting down and abandoning module FoliageEdit (512)
[2018.11.25-04.27.58:975][289]LogModuleManager: Shutting down and abandoning module LandscapeEditor (510)
[2018.11.25-04.27.58:975][289]LogModuleManager: Shutting down and abandoning module MeshPaintMode (508)
[2018.11.25-04.27.58:975][289]LogModuleManager: Shutting down and abandoning module SceneDepthPickerMode (506)
[2018.11.25-04.27.58:976][289]LogModuleManager: Shutting down and abandoning module ActorPickerMode (504)
[2018.11.25-04.27.58:976][289]LogModuleManager: Shutting down and abandoning module GeometryMode (502)
[2018.11.25-04.27.58:976][289]LogModuleManager: Shutting down and abandoning module TextureAlignMode (500)
[2018.11.25-04.27.58:976][289]LogModuleManager: Shutting down and abandoning module BspMode (498)
[2018.11.25-04.27.58:976][289]LogModuleManager: Shutting down and abandoning module HardwareSurvey (496)
[2018.11.25-04.27.58:976][289]LogModuleManager: Shutting down and abandoning module SequenceRecorderSections (494)
[2018.11.25-04.27.58:976][289]LogModuleManager: Shutting down and abandoning module AutomationWorker (492)
[2018.11.25-04.27.58:976][289]LogModuleManager: Shutting down and abandoning module MatineeToLevelSequence (490)
[2018.11.25-04.27.58:976][289]LogModuleManager: Shutting down and abandoning module LevelSequenceEditor (488)
[2018.11.25-04.27.58:976][289]LogModuleManager: Shutting down and abandoning module PlacementMode (487)
[2018.11.25-04.27.58:976][289]LogModuleManager: Shutting down and abandoning module WmfMediaFactory (484)
[2018.11.25-04.27.58:976][289]LogModuleManager: Shutting down and abandoning module WmfMediaEditor (482)
[2018.11.25-04.27.58:976][289]LogModuleManager: Shutting down and abandoning module AvfMediaFactory (480)
[2018.11.25-04.27.58:976][289]LogModuleManager: Shutting down and abandoning module AvfMediaEditor (478)
[2018.11.25-04.27.58:976][289]LogModuleManager: Shutting down and abandoning module AndroidMediaFactory (476)
[2018.11.25-04.27.58:976][289]LogModuleManager: Shutting down and abandoning module Media (475)
[2018.11.25-04.27.58:976][289]LogModuleManager: Shutting down and abandoning module AndroidMediaEditor (472)
[2018.11.25-04.27.58:976][289]LogModuleManager: Shutting down and abandoning module CharacterAI (470)
[2018.11.25-04.27.58:976][289]LogModuleManager: Shutting down and abandoning module AudioCapture (468)
[2018.11.25-04.27.58:976][289]LogModuleManager: Shutting down and abandoning module SequenceRecorder (467)
[2018.11.25-04.27.58:976][289]LogModuleManager: Shutting down and abandoning module SmartSnapping (464)
[2018.11.25-04.27.58:976][289]LogModuleManager: Shutting down and abandoning module SessionServices (462)
[2018.11.25-04.27.58:976][289]LogModuleManager: Shutting down and abandoning module ViewportSnapping (460)
[2018.11.25-04.27.58:976][289]LogModuleManager: Shutting down and abandoning module ViewportInteraction (458)
[2018.11.25-04.27.58:976][289]LogModuleManager: Shutting down and abandoning module ClothPainter (456)
[2018.11.25-04.27.58:976][289]LogModuleManager: Shutting down and abandoning module LogVisualizer (454)
[2018.11.25-04.27.58:976][289]LogModuleManager: Shutting down and abandoning module IntroTutorials (452)
[2018.11.25-04.27.58:976][289]LogModuleManager: Shutting down and abandoning module GameProjectGeneration (451)
[2018.11.25-04.27.58:976][289]LogModuleManager: Shutting down and abandoning module EditorLiveStreaming (448)
[2018.11.25-04.27.58:976][289]LogModuleManager: Shutting down and abandoning module IOSPlatformEditor (446)
[2018.11.25-04.27.58:976][289]LogModuleManager: Shutting down and abandoning module HTML5PlatformEditor (444)
[2018.11.25-04.27.58:976][289]LogModuleManager: Shutting down and abandoning module AndroidPlatformEditor (442)
[2018.11.25-04.27.58:976][289]LogModuleManager: Shutting down and abandoning module AndroidDeviceDetection (441)
[2018.11.25-04.27.59:041][289]LogModuleManager: Shutting down and abandoning module IOSRuntimeSettings (438)
[2018.11.25-04.27.59:041][289]LogModuleManager: Shutting down and abandoning module AndroidRuntimeSettings (436)
[2018.11.25-04.27.59:041][289]LogModuleManager: Shutting down and abandoning module InputBindingEditor (434)
[2018.11.25-04.27.59:041][289]LogModuleManager: Shutting down and abandoning module MergeActors (432)
[2018.11.25-04.27.59:041][289]LogModuleManager: Shutting down and abandoning module SizeMap (430)
[2018.11.25-04.27.59:041][289]LogModuleManager: Shutting down and abandoning module TreeMap (428)
[2018.11.25-04.27.59:041][289]LogModuleManager: Shutting down and abandoning module ReferenceViewer (426)
[2018.11.25-04.27.59:041][289]LogModuleManager: Shutting down and abandoning module LocalizationDashboard (424)
[2018.11.25-04.27.59:041][289]LogModuleManager: Shutting down and abandoning module LocalizationService (423)
[2018.11.25-04.27.59:041][289]LogModuleManager: Shutting down and abandoning module HardwareTargeting (420)
[2018.11.25-04.27.59:041][289]LogModuleManager: Shutting down and abandoning module DeviceProfileEditor (418)
[2018.11.25-04.27.59:041][289]LogModuleManager: Shutting down and abandoning module UndoHistory (416)
[2018.11.25-04.27.59:041][289]LogModuleManager: Shutting down and abandoning module UserFeedback (414)
[2018.11.25-04.27.59:041][289]LogModuleManager: Shutting down and abandoning module XmlParser (412)
[2018.11.25-04.27.59:041][289]LogModuleManager: Shutting down and abandoning module Blutility (410)
[2018.11.25-04.27.59:041][289]LogModuleManager: Shutting down and abandoning module ProjectSettingsViewer (408)
[2018.11.25-04.27.59:041][289]LogModuleManager: Shutting down and abandoning module ProjectTargetPlatformEditor (407)
[2018.11.25-04.27.59:041][289]LogModuleManager: Shutting down and abandoning module EditorSettingsViewer (404)
[2018.11.25-04.27.59:041][289]LogModuleManager: Shutting down and abandoning module SettingsEditor (402)
[2018.11.25-04.27.59:041][289]LogModuleManager: Shutting down and abandoning module ProjectLauncher (400)
[2018.11.25-04.27.59:041][289]LogModuleManager: Shutting down and abandoning module SessionFrontend (398)
[2018.11.25-04.27.59:041][289]LogModuleManager: Shutting down and abandoning module ProfilerClient (396)
[2018.11.25-04.27.59:041][289]LogModuleManager: Shutting down and abandoning module DeviceManager (394)
[2018.11.25-04.27.59:041][289]LogModuleManager: Shutting down and abandoning module TargetDeviceServices (393)
[2018.11.25-04.27.59:105][289]LogModuleManager: Shutting down and abandoning module AutomationController (390)
[2018.11.25-04.27.59:105][289]LogModuleManager: Shutting down and abandoning module AutomationWindow (388)
[2018.11.25-04.27.59:105][289]LogModuleManager: Shutting down and abandoning module Layers (386)
[2018.11.25-04.27.59:105][289]LogModuleManager: Shutting down and abandoning module ComponentVisualizers (384)
[2018.11.25-04.27.59:105][289]LogModuleManager: Shutting down and abandoning module DetailCustomizations (382)
[2018.11.25-04.27.59:105][289]LogModuleManager: Shutting down and abandoning module PackagesDialog (380)
[2018.11.25-04.27.59:106][289]LogModuleManager: Shutting down and abandoning module Persona (378)
[2018.11.25-04.27.59:106][289]LogModuleManager: Shutting down and abandoning module AdvancedPreviewScene (377)
[2018.11.25-04.27.59:106][289]LogModuleManager: Shutting down and abandoning module AnimGraph (375)
[2018.11.25-04.27.59:106][289]LogModuleManager: Shutting down and abandoning module Kismet (372)
[2018.11.25-04.27.59:112][289]LogModuleManager: Shutting down and abandoning module ClassViewer (370)
[2018.11.25-04.27.59:112][289]LogModuleManager: Shutting down and abandoning module Toolbox (368)
[2018.11.25-04.27.59:112][289]LogModuleManager: Shutting down and abandoning module ModuleUI (366)
[2018.11.25-04.27.59:112][289]LogModuleManager: Shutting down and abandoning module MovieSceneTools (364)
[2018.11.25-04.27.59:112][289]LogModuleManager: Shutting down and abandoning module OutputLog (362)
[2018.11.25-04.27.59:112][289]LogModuleManager: Shutting down and abandoning module GammaUI (360)
[2018.11.25-04.27.59:112][289]LogModuleManager: Shutting down and abandoning module Documentation (358)
[2018.11.25-04.27.59:113][289]LogModuleManager: Shutting down and abandoning module MovieSceneTracks (356)
[2018.11.25-04.27.59:113][289]LogModuleManager: Shutting down and abandoning module MovieScene (354)
[2018.11.25-04.27.59:113][289]LogModuleManager: Shutting down and abandoning module Niagara (352)
[2018.11.25-04.27.59:113][289]LogModuleManager: Shutting down and abandoning module NiagaraEditor (351)
[2018.11.25-04.27.59:113][289]LogModuleManager: Shutting down and abandoning module StreamingPauseRendering (348)
[2018.11.25-04.27.59:113][289]LogModuleManager: Shutting down and abandoning module AnalyticsET (346)
[2018.11.25-04.27.59:113][289]LogModuleManager: Shutting down and abandoning module PortalServices (344)
[2018.11.25-04.27.59:113][289]LogModuleManager: Shutting down and abandoning module PortalRpc (342)
[2018.11.25-04.27.59:113][289]LogModuleManager: Shutting down and abandoning module MessagingRpc (340)
[2018.11.25-04.27.59:113][289]LogModuleManager: Shutting down and abandoning module AIModule (338)
[2018.11.25-04.27.59:113][289]LogModuleManager: Shutting down and abandoning module GameplayDebugger (337)
[2018.11.25-04.27.59:113][289]LogModuleManager: Shutting down and abandoning module AITestSuite (335)
[2018.11.25-04.27.59:113][289]LogModuleManager: Shutting down and abandoning module ProfilerService (332)
[2018.11.25-04.27.59:298][289]LogModuleManager: Shutting down and abandoning module TaskGraph (330)
[2018.11.25-04.27.59:298][289]LogModuleManager: Shutting down and abandoning module SteamVRController (328)
[2018.11.25-04.27.59:298][289]LogModuleManager: Shutting down and abandoning module SteamVR (326)
[2018.11.25-04.27.59:298][289]LogModuleManager: Shutting down and abandoning module ProceduralMeshComponentEditor (324)
[2018.11.25-04.27.59:298][289]LogModuleManager: Shutting down and abandoning module ProceduralMeshComponent (322)
[2018.11.25-04.27.59:298][289]LogModuleManager: Shutting down and abandoning module OculusLibrary (320)
[2018.11.25-04.27.59:298][289]LogModuleManager: Shutting down and abandoning module OculusInput (318)
[2018.11.25-04.27.59:298][289]LogModuleManager: Shutting down and abandoning module MobilePatchingUtils (316)
[2018.11.25-04.27.59:298][289]LogModuleManager: Shutting down and abandoning module CustomMeshComponent (314)
[2018.11.25-04.27.59:298][289]LogModuleManager: Shutting down and abandoning module CableComponent (312)
[2018.11.25-04.27.59:298][289]LogModuleManager: Shutting down and abandoning module ArchVisCharacter (310)
[2018.11.25-04.27.59:298][289]LogModuleManager: Shutting down and abandoning module AndroidPermission (308)
[2018.11.25-04.27.59:298][289]LogModuleManager: Shutting down and abandoning module MediaPlayerEditor (304)
[2018.11.25-04.27.59:298][289]LogModuleManager: Shutting down and abandoning module HTML5Networking (302)
[2018.11.25-04.27.59:298][289]LogModuleManager: Shutting down and abandoning module AlembicImporter (300)
[2018.11.25-04.27.59:298][289]LogModuleManager: Shutting down and abandoning module AlembicLibrary (299)
[2018.11.25-04.27.59:298][289]LogModuleManager: Shutting down and abandoning module GeometryCache (298)
[2018.11.25-04.27.59:298][289]LogModuleManager: Shutting down and abandoning module GeometryCacheEd (297)
[2018.11.25-04.27.59:298][289]LogModuleManager: Shutting down and abandoning module SuperSearchEditor (292)
[2018.11.25-04.27.59:298][289]LogModuleManager: Shutting down and abandoning module SuperSearch (291)
[2018.11.25-04.27.59:298][289]LogModuleManager: Shutting down and abandoning module SpeedTreeImporter (288)
[2018.11.25-04.27.59:299][289]LogModuleManager: Shutting down and abandoning module PluginBrowser (286)
[2018.11.25-04.27.59:299][289]LogModuleManager: Shutting down and abandoning module MobileLauncherProfileWizard (284)
[2018.11.25-04.27.59:299][289]LogModuleManager: Shutting down and abandoning module DialogueSystemEditor (282)
[2018.11.25-04.27.59:299][289]LogModuleManager: Shutting down and abandoning module VisualStudioSourceCodeAccess (280)
[2018.11.25-04.27.59:299][289]LogModuleManager: Shutting down and abandoning module DesktopPlatform (279)
[2018.11.25-04.27.59:299][289]LogModuleManager: Shutting down and abandoning module UObjectPlugin (276)
[2018.11.25-04.27.59:299][289]LogModuleManager: Shutting down and abandoning module SubversionSourceControl (274)
[2018.11.25-04.27.59:299][289]LogModuleManager: Shutting down and abandoning module PerforceSourceControl (272)
[2018.11.25-04.27.59:299][289]LogModuleManager: Shutting down and abandoning module GitSourceControl (270)
[2018.11.25-04.27.59:299][289]LogModuleManager: Shutting down and abandoning module SourceControl (269)
[2018.11.25-04.27.59:299][289]LogModuleManager: Shutting down and abandoning module LightPropagationVolumeEditor (266)
[2018.11.25-04.27.59:299][289]LogModuleManager: Shutting down and abandoning module PaperTiledImporter (264)
[2018.11.25-04.27.59:299][289]LogModuleManager: Shutting down and abandoning module PaperSpriteSheetImporter (262)
[2018.11.25-04.27.59:299][289]LogModuleManager: Shutting down and abandoning module Paper2DEditor (260)
[2018.11.25-04.27.59:299][289]LogModuleManager: Shutting down and abandoning module MeshPaint (259)
[2018.11.25-04.27.59:299][289]LogModuleManager: Shutting down and abandoning module LevelEditor (257)
[2018.11.25-04.27.59:300][289]LogModuleManager: Shutting down and abandoning module PixelInspectorModule (256)
[2018.11.25-04.27.59:300][289]LogModuleManager: Shutting down and abandoning module MainFrame (254)
[2018.11.25-04.27.59:300][289]LogModuleManager: Shutting down and abandoning module HotReload (253)
[2018.11.25-04.27.59:300][289]LogDirectoryWatcher: A directory notification for 'E:/Project Unreal Engine 4/Tugas KP/KP_remastered2/Binaries/Win64' was aborted.
[2018.11.25-04.27.59:301][289]LogModuleManager: Shutting down and abandoning module PhysXVehiclesEditor (248)
[2018.11.25-04.27.59:301][289]LogModuleManager: Shutting down and abandoning module PhysXVehicles (246)
[2018.11.25-04.27.59:301][289]LogModuleManager: Shutting down and abandoning module LocationServicesBPLibrary (244)
[2018.11.25-04.27.59:301][289]LogModuleManager: Shutting down and abandoning module ImmediatePhysicsEditor (242)
[2018.11.25-04.27.59:301][289]LogModuleManager: Shutting down and abandoning module ImmediatePhysics (240)
[2018.11.25-04.27.59:301][289]LogModuleManager: Shutting down and abandoning module UdpMessaging (238)
[2018.11.25-04.27.59:402][289]LogModuleManager: Shutting down and abandoning module TcpMessaging (236)
[2018.11.25-04.27.59:503][289]LogModuleManager: Shutting down and abandoning module GameplayTagsEditor (234)
[2018.11.25-04.27.59:503][289]LogModuleManager: Shutting down and abandoning module FacialAnimationEditor (232)
[2018.11.25-04.27.59:503][289]LogModuleManager: Shutting down and abandoning module FacialAnimation (230)
[2018.11.25-04.27.59:503][289]LogModuleManager: Shutting down and abandoning module AssetManagerEditor (228)
[2018.11.25-04.27.59:503][289]LogModuleManager: Shutting down and abandoning module GraphEditor (227)
[2018.11.25-04.27.59:504][289]LogModuleManager: Shutting down and abandoning module ContentBrowser (225)
[2018.11.25-04.27.59:506][289]LogModuleManager: Shutting down and abandoning module DialogueSystem (222)
[2018.11.25-04.27.59:506][289]LogModuleManager: Shutting down and abandoning module LightPropagationVolumeRuntime (220)
[2018.11.25-04.27.59:506][289]LogModuleManager: Shutting down and abandoning module Paper2D (218)
[2018.11.25-04.27.59:506][289]LogModuleManager: Shutting down and abandoning module WindowsMoviePlayer (216)
[2018.11.25-04.27.59:506][289]LogModuleManager: Shutting down and abandoning module WmfMedia (214)
[2018.11.25-04.27.59:513][289]LogModuleManager: Shutting down and abandoning module ClothingSystemEditor (212)
[2018.11.25-04.27.59:513][289]LogModuleManager: Shutting down and abandoning module ClothingSystemRuntime (210)
[2018.11.25-04.27.59:513][289]LogModuleManager: Shutting down and abandoning module MediaAssets (208)
[2018.11.25-04.27.59:513][289]LogModuleManager: Shutting down and abandoning module GameLiveStreaming (206)
[2018.11.25-04.27.59:513][289]LogModuleManager: Shutting down and abandoning module VREditor (204)
[2018.11.25-04.27.59:513][289]LogModuleManager: Shutting down and abandoning module StringTableEditor (202)
[2018.11.25-04.27.59:513][289]LogModuleManager: Shutting down and abandoning module GameplayTasksEditor (200)
[2018.11.25-04.27.59:513][289]LogModuleManager: Shutting down and abandoning module BehaviorTreeEditor (198)
[2018.11.25-04.27.59:514][289]LogModuleManager: Shutting down and abandoning module FunctionalTesting (196)
[2018.11.25-04.27.59:514][289]LogModuleManager: Shutting down and abandoning module CollisionAnalyzer (194)
[2018.11.25-04.27.59:514][289]LogModuleManager: Shutting down and abandoning module UMG (192)
[2018.11.25-04.27.59:514][289]LogModuleManager: Shutting down and abandoning module UMGEditor (191)
[2018.11.25-04.27.59:514][289]LogModuleManager: Shutting down and abandoning module Sequencer (190)
[2018.11.25-04.27.59:514][289]LogModuleManager: Shutting down and abandoning module AssetTools (188)
[2018.11.25-04.27.59:514][289]LogModuleManager: Shutting down and abandoning module MessageLog (187)
[2018.11.25-04.27.59:514][289]LogModuleManager: Shutting down and abandoning module WorkspaceMenuStructure (186)
[2018.11.25-04.27.59:514][289]LogModuleManager: Shutting down and abandoning module SlateReflector (180)
[2018.11.25-04.27.59:515][289]LogModuleManager: Shutting down and abandoning module Slate (178)
[2018.11.25-04.27.59:515][289]LogModuleManager: Shutting down and abandoning module EditorStyle (176)
[2018.11.25-04.27.59:523][289]LogModuleManager: Shutting down and abandoning module SourceCodeAccess (174)
[2018.11.25-04.27.59:523][289]LogModuleManager: Shutting down and abandoning module HeadMountedDisplay (172)
[2018.11.25-04.27.59:523][289]LogModuleManager: Shutting down and abandoning module XAudio2 (170)
[2018.11.25-04.27.59:523][289]LogModuleManager: Shutting down and abandoning module Networking (168)
[2018.11.25-04.27.59:523][289]LogModuleManager: Shutting down and abandoning module Core (164)
[2018.11.25-04.27.59:523][289]LogModuleManager: Shutting down and abandoning module AssetRegistry (162)
[2018.11.25-04.27.59:700][289]LogDirectoryWatcher: A directory notification for '../../../Engine/Content/' was aborted.
[2018.11.25-04.27.59:700][289]LogDirectoryWatcher: A directory notification for 'E:/Project Unreal Engine 4/Tugas KP/KP_remastered2/Content/' was aborted.
[2018.11.25-04.27.59:700][289]LogDirectoryWatcher: A directory notification for '../../../Engine/Plugins/2D/Paper2D/Content/' was aborted.
[2018.11.25-04.27.59:700][289]LogDirectoryWatcher: A directory notification for '../../../Engine/Plugins/Runtime/GearVR/Content/' was aborted.
[2018.11.25-04.27.59:704][289]LogModuleManager: Shutting down and abandoning module DirectoryWatcher (161)
[2018.11.25-04.27.59:704][289]LogModuleManager: Shutting down and abandoning module KismetCompiler (158)
[2018.11.25-04.27.59:704][289]LogModuleManager: Shutting down and abandoning module LevelSequence (156)
[2018.11.25-04.27.59:704][289]LogModuleManager: Shutting down and abandoning module PhysXFormats (154)
[2018.11.25-04.27.59:704][289]LogModuleManager: Shutting down and abandoning module MeshUtilities (152)
[2018.11.25-04.27.59:704][289]LogModuleManager: Shutting down and abandoning module SimplygonSwarm (151)
[2018.11.25-04.27.59:704][289]LogModuleManager: Shutting down and abandoning module SimplygonMeshReduction (149)
[2018.11.25-04.27.59:704][289]LogModuleManager: Shutting down and abandoning module QuadricMeshReduction (147)
[2018.11.25-04.27.59:704][289]LogModuleManager: Shutting down and abandoning module DerivedDataCache (144)
[2018.11.25-04.27.59:713][289]LogDerivedDataCache: Shutdown
[2018.11.25-04.27.59:714][289]LogModuleManager: Shutting down and abandoning module TargetPlatform (142)
[2018.11.25-04.27.59:714][289]LogModuleManager: Shutting down and abandoning module VulkanShaderFormat (141)
[2018.11.25-04.27.59:714][289]LogModuleManager: Shutting down and abandoning module ShaderFormatVectorVM (139)
[2018.11.25-04.27.59:714][289]LogModuleManager: Shutting down and abandoning module ShaderFormatOpenGL (137)
[2018.11.25-04.27.59:714][289]LogModuleManager: Shutting down and abandoning module ShaderFormatD3D (135)
[2018.11.25-04.27.59:714][289]LogModuleManager: Shutting down and abandoning module MetalShaderFormat (133)
[2018.11.25-04.27.59:714][289]LogModuleManager: Shutting down and abandoning module TextureFormatUncompressed (131)
[2018.11.25-04.27.59:714][289]LogModuleManager: Shutting down and abandoning module TextureFormatPVR (129)
[2018.11.25-04.27.59:714][289]LogModuleManager: Shutting down and abandoning module TextureFormatDXT (127)
[2018.11.25-04.27.59:714][289]LogModuleManager: Shutting down and abandoning module TextureFormatIntelISPCTexComp (125)
[2018.11.25-04.27.59:714][289]LogModuleManager: Shutting down and abandoning module TextureFormatASTC (123)
[2018.11.25-04.27.59:714][289]LogModuleManager: Shutting down and abandoning module ImageWrapper (122)
[2018.11.25-04.27.59:714][289]LogModuleManager: Shutting down and abandoning module TextureFormatAndroid (119)
[2018.11.25-04.27.59:714][289]LogModuleManager: Shutting down and abandoning module AudioFormatOpus (117)
[2018.11.25-04.27.59:714][289]LogModuleManager: Shutting down and abandoning module AudioFormatOgg (115)
[2018.11.25-04.27.59:714][289]LogModuleManager: Shutting down and abandoning module AudioFormatADPCM (113)
[2018.11.25-04.27.59:714][289]LogModuleManager: Shutting down and abandoning module LinuxTargetPlatform (111)
[2018.11.25-04.27.59:714][289]LogModuleManager: Shutting down and abandoning module LinuxServerTargetPlatform (109)
[2018.11.25-04.27.59:714][289]LogModuleManager: Shutting down and abandoning module LinuxNoEditorTargetPlatform (107)
[2018.11.25-04.27.59:714][289]LogModuleManager: Shutting down and abandoning module LinuxClientTargetPlatform (105)
[2018.11.25-04.27.59:714][289]LogModuleManager: Shutting down and abandoning module TVOSTargetPlatform (103)
[2018.11.25-04.27.59:714][289]LogModuleManager: Shutting down and abandoning module Messaging (101)
[2018.11.25-04.27.59:714][289]LogModuleManager: Shutting down and abandoning module IOSTargetPlatform (99)
[2018.11.25-04.27.59:714][289]LogModuleManager: Shutting down and abandoning module HTML5TargetPlatform (97)
[2018.11.25-04.27.59:714][289]LogModuleManager: Shutting down and abandoning module Android_PVRTCTargetPlatform (95)
[2018.11.25-04.27.59:714][289]LogModuleManager: Shutting down and abandoning module Android_MultiTargetPlatform (93)
[2018.11.25-04.27.59:714][289]LogModuleManager: Shutting down and abandoning module Android_ETC2TargetPlatform (91)
[2018.11.25-04.27.59:714][289]LogModuleManager: Shutting down and abandoning module Android_ETC1TargetPlatform (89)
[2018.11.25-04.27.59:714][289]LogModuleManager: Shutting down and abandoning module Android_DXTTargetPlatform (87)
[2018.11.25-04.27.59:714][289]LogModuleManager: Shutting down and abandoning module Android_ATCTargetPlatform (85)
[2018.11.25-04.27.59:714][289]LogModuleManager: Shutting down and abandoning module Android_ASTCTargetPlatform (83)
[2018.11.25-04.27.59:714][289]LogModuleManager: Shutting down and abandoning module AndroidTargetPlatform (81)
[2018.11.25-04.27.59:714][289]LogModuleManager: Shutting down and abandoning module WindowsTargetPlatform (79)
[2018.11.25-04.27.59:714][289]LogModuleManager: Shutting down and abandoning module WindowsServerTargetPlatform (77)
[2018.11.25-04.27.59:714][289]LogModuleManager: Shutting down and abandoning module WindowsNoEditorTargetPlatform (75)
[2018.11.25-04.27.59:714][289]LogModuleManager: Shutting down and abandoning module WindowsClientTargetPlatform (73)
[2018.11.25-04.27.59:714][289]LogModuleManager: Shutting down and abandoning module MacTargetPlatform (71)
[2018.11.25-04.27.59:714][289]LogModuleManager: Shutting down and abandoning module MacServerTargetPlatform (69)
[2018.11.25-04.27.59:714][289]LogModuleManager: Shutting down and abandoning module MacNoEditorTargetPlatform (67)
[2018.11.25-04.27.59:714][289]LogModuleManager: Shutting down and abandoning module MacClientTargetPlatform (65)
[2018.11.25-04.27.59:714][289]LogModuleManager: Shutting down and abandoning module AllDesktopTargetPlatform (63)
[2018.11.25-04.27.59:714][289]LogModuleManager: Shutting down and abandoning module InputCore (60)
[2018.11.25-04.27.59:714][289]LogModuleManager: Shutting down and abandoning module Settings (58)
[2018.11.25-04.27.59:714][289]LogModuleManager: Shutting down and abandoning module OculusRift (56)
[2018.11.25-04.27.59:714][289]LogModuleManager: Shutting down and abandoning module GearVRController (54)
[2018.11.25-04.27.59:714][289]LogModuleManager: Shutting down and abandoning module GearVR (52)
[2018.11.25-04.27.59:714][289]LogModuleManager: Shutting down and abandoning module ExampleDeviceProfileSelector (50)
[2018.11.25-04.27.59:714][289]LogModuleManager: Shutting down and abandoning module OnlineBlueprintSupport (48)
[2018.11.25-04.27.59:714][289]LogModuleManager: Shutting down and abandoning module OnlineSubsystem (44)
[2018.11.25-04.27.59:714][289]LogOnline:Display: Unloading online subsystem: NULL
[2018.11.25-04.27.59:714][289]LogModuleManager: Shutting down and abandoning module XMPP (43)
[2018.11.25-04.27.59:714][289]LogModuleManager: Shutting down and abandoning module HTTP (41)
[2018.11.25-04.27.59:714][289]LogHttp:Display: Http module shutting down, but needs to wait on 1 outstanding Http requests:
[2018.11.25-04.27.59:714][289]LogHttp:Display: 	verb=[POST] url=[https://datarouter.ol.epicgames.com/datarouter/api/v1/public/data?SessionID=%7B6B248C0D-4DDF-1387-B56F-F6B3FF9B588E%7D&AppID=UEEditor.Rocket.Release&AppVersion=4.16.3-3561208%2B%2B%2BUE4%2BRelease-4.16&UserID=cb95314e48f2a5baa13011a5c1e90a38%7C1fab5c387de34e3cb0e7e51dba2757c3%7Cae259bd4-1006-452b-be13-a8c820eb657e&AppEnvironment=datacollector-binary&UploadType=eteventstream] status=Processing
[2018.11.25-04.27.59:714][289]LogHttp:Warning: 000001992981EC80: request failed, libcurl error: 6 (Couldn't resolve host name)
[2018.11.25-04.27.59:714][289]LogHttp:Warning: 000001992981EC80: libcurl info message cache 0 (Could not resolve host: datarouter.ol.epicgames.com)
[2018.11.25-04.27.59:714][289]LogHttp:Warning: 000001992981EC80: libcurl info message cache 1 (Closing connection 3)
[2018.11.25-04.27.59:739][289]LogModuleManager: Shutting down and abandoning module SSL (40)
[2018.11.25-04.27.59:741][289]LogModuleManager: Shutting down and abandoning module HTTPChunkInstaller (36)
[2018.11.25-04.27.59:741][289]LogModuleManager: Shutting down and abandoning module AnimationModifiers (34)
[2018.11.25-04.27.59:741][289]LogModuleManager: Shutting down and abandoning module PropertyEditor (33)
[2018.11.25-04.27.59:741][289]LogModuleManager: Shutting down and abandoning module AudioEditor (30)
[2018.11.25-04.27.59:741][289]LogModuleManager: Shutting down and abandoning module TextureCompressor (28)
[2018.11.25-04.27.59:741][289]LogModuleManager: Shutting down and abandoning module ShaderCore (26)
[2018.11.25-04.27.59:741][289]LogModuleManager: Shutting down and abandoning module Landscape (24)
[2018.11.25-04.27.59:741][289]LogModuleManager: Shutting down and abandoning module SlateRHIRenderer (22)
[2018.11.25-04.27.59:741][289]LogModuleManager: Shutting down and abandoning module OpenGLDrv (20)
[2018.11.25-04.27.59:741][289]LogModuleManager: Shutting down and abandoning module D3D11RHI (18)
[2018.11.25-04.27.59:741][289]LogModuleManager: Shutting down and abandoning module AnimGraphRuntime (16)
[2018.11.25-04.27.59:741][289]LogModuleManager: Shutting down and abandoning module Renderer (14)
[2018.11.25-04.27.59:741][289]LogModuleManager: Shutting down and abandoning module Engine (12)
[2018.11.25-04.27.59:741][289]LogModuleManager: Shutting down and abandoning module CoreUObject (10)
[2018.11.25-04.27.59:741][289]LogModuleManager: Shutting down and abandoning module NetworkFile (8)
[2018.11.25-04.27.59:741][289]LogModuleManager: Shutting down and abandoning module StreamingFile (6)
[2018.11.25-04.27.59:741][289]LogModuleManager: Shutting down and abandoning module SandboxFile (4)
[2018.11.25-04.27.59:741][289]LogModuleManager: Shutting down and abandoning module PakFile (2)
[2018.11.25-04.27.59:743][289]LogExit: Exiting.
[2018.11.25-04.27.59:757][289]Log file closed, 11/25/18 11:27:59
