Log file open, 02/02/18 12:39:26
LogInit:Display: Running engine for game: KP_remastered2
LogPlatformFile: Not using cached read wrapper
LogInit:Display: RandInit(550195884) SRandInit(550195884).
LogTaskGraph: Started task graph with 5 named threads and 6 total threads with 1 sets of task threads.
LogStats: Stats thread started at 0.214076
LogInit: Using libcurl 7.47.1
LogInit:  - built for x86_64-pc-win32
LogInit:  - supports SSL with OpenSSL/1.0.2g
LogInit:  - supports HTTP deflate (compression) using libz 1.2.8
LogInit:  - other features:
LogInit:      CURL_VERSION_SSL
LogInit:      CURL_VERSION_LIBZ
LogInit:      CURL_VERSION_IPV6
LogInit:      CURL_VERSION_ASYNCHDNS
LogInit:      CURL_VERSION_LARGEFILE
LogInit:      CURL_VERSION_IDN
LogInit:  CurlRequestOptions (configurable via config and command line):
LogInit:  - bVerifyPeer = false  - Libcurl will NOT verify peer certificate
LogInit:  - bUseHttpProxy = false  - Libcurl will NOT use HTTP proxy
LogInit:  - bDontReuseConnections = false  - Libcurl will reuse connections
LogInit:  - CertBundlePath = nullptr  - Libcurl will use whatever was configured at build time.
LogInit: Build: ++UE4+Release-4.16-CL-3561208
LogInit: Engine Version: 4.16.3-3561208+++UE4+Release-4.16
LogInit: Compatible Engine Version: 4.16.0-3452394+++UE4+Release-4.16
LogInit: Net CL: 3452394
LogDevObjectVersion: Number of dev versions registered: 16
LogDevObjectVersion:   Dev-Blueprints (B0D832E4-1F89-4F0D-ACCF-7EB736FD4AA2): 9
LogDevObjectVersion:   Dev-Build (E1C64328-A22C-4D53-A36C-8E866417BD8C): 0
LogDevObjectVersion:   Dev-Core (375EC13C-06E4-48FB-B500-84F0262A717E): 2
LogDevObjectVersion:   Dev-Editor (E4B068ED-F494-42E9-A231-DA0B2E46BB41): 17
LogDevObjectVersion:   Dev-Framework (CFFC743F-43B0-4480-9391-14DF171D2073): 23
LogDevObjectVersion:   Dev-Mobile (B02B49B5-BB20-44E9-A304-32B752E40360): 0
LogDevObjectVersion:   Dev-Networking (A4E4105C-59A1-49B5-A7C5-40C4547EDFEE): 0
LogDevObjectVersion:   Dev-Online (39C831C9-5AE6-47DC-9A44-9C173E1C8E7C): 0
LogDevObjectVersion:   Dev-Physics (78F01B33-EBEA-4F98-B9B4-84EACCB95AA2): 0
LogDevObjectVersion:   Dev-Platform (6631380F-2D4D-43E0-8009-CF276956A95A): 0
LogDevObjectVersion:   Dev-Rendering (12F88B9F-8875-4AFC-A67C-D90C383ABD29): 15
LogDevObjectVersion:   Dev-Sequencer (7B5AE74C-D270-4C10-A958-57980B212A5A): 4
LogDevObjectVersion:   Dev-VR (D7296918-1DD6-4BDD-9DE2-64A83CC13884): 0
LogDevObjectVersion:   Dev-LoadTimes (C2A15278-BFE7-4AFE-6C17-90FF531DF755): 1
LogDevObjectVersion:   Private-Geometry (6EACA3D4-40EC-4CC1-B786-8BED09428FC5): 1
LogDevObjectVersion:   Dev-AnimPhys (29E575DD-E0A3-4627-9D10-D276232CDCEA): 3
LogInit: Compiled (64-bit): Jul 28 2017 11:49:47
LogInit: Compiled with Visual C++: 19.00.24215.01
LogInit: Build Configuration: Development
LogInit: Branch Name: ++UE4+Release-4.16
LogInit: Command line:  /Temp/Autosaves/Game/ProgramBluePrint/MainMenu/UEDPCMainMenu -game -PIEVIACONSOLE -ResX=1280 -ResY=720  -Multiprocess -messaging -SessionName="Play in Standalone Game" -featureleveles2 -faketouches -windowed 
LogInit: Base directory: C:/Program Files/Epic Games/UE_4.16/Engine/Binaries/Win64/
LogInit: Installed Engine Build: 1
LogInit: Presizing for max 8388607 objects, including 0 objects not considered by GC, pre-allocating 0 bytes for permanent pool.
LogInit: Object subsystem initialized
[2018.02.02-05.39.27:712][  0]LogInit: Selected Device Profile: [Windows]
[2018.02.02-05.39.27:712][  0]LogInit: Applying CVar settings loaded from the selected device profile: [Windows]
[2018.02.02-05.39.27:718][  0]LogInit: Computer: DESKTOP-USEAEF3
[2018.02.02-05.39.27:718][  0]LogInit: User: DigitalSilence
[2018.02.02-05.39.27:718][  0]LogInit: CPU Page size=4096, Cores=2
[2018.02.02-05.39.27:718][  0]LogInit: High frequency timer resolution =2.648438 MHz
[2018.02.02-05.39.27:718][  0]LogMemory: Memory total: Physical=7.9GB (8GB approx)
[2018.02.02-05.39.27:718][  0]LogMemory: Platform Memory Stats for Windows
[2018.02.02-05.39.27:718][  0]LogMemory: Process Physical Memory: 275.95 MB used, 275.95 MB peak
[2018.02.02-05.39.27:718][  0]LogMemory: Process Virtual Memory: 266.39 MB used, 266.39 MB peak
[2018.02.02-05.39.27:718][  0]LogMemory: Physical Memory: 6663.72 MB used,  1408.82 MB free, 8072.54 MB total
[2018.02.02-05.39.27:718][  0]LogMemory: Virtual Memory: 675.38 MB used,  1408.82 MB free, 134217728.00 MB total
[2018.02.02-05.39.27:893][  0]LogInit: Using OS detected language (en-GB).
[2018.02.02-05.39.27:893][  0]LogInit: Using OS detected locale (en-US).
[2018.02.02-05.39.27:901][  0]LogTextLocalizationManager: No specific localization for 'en-GB' exists, so the 'en' localization will be used.
[2018.02.02-05.39.29:143][  0]LogD3D11RHI: D3D11 adapters:
[2018.02.02-05.39.29:223][  0]LogD3D11RHI:    0. 'NVIDIA GeForce 930MX' (Feature Level 11_0)
[2018.02.02-05.39.29:223][  0]LogD3D11RHI:       2010/0/4036 MB DedicatedVideo/DedicatedSystem/SharedSystem, Outputs:2, VendorId:0x10de
[2018.02.02-05.39.29:232][  0]LogD3D11RHI:    1. 'Intel(R) HD Graphics 620' (Feature Level 11_0)
[2018.02.02-05.39.29:232][  0]LogD3D11RHI:       128/0/4036 MB DedicatedVideo/DedicatedSystem/SharedSystem, Outputs:0, VendorId:0x8086
[2018.02.02-05.39.29:236][  0]LogD3D11RHI:    2. 'Microsoft Basic Render Driver' (Feature Level 11_0)
[2018.02.02-05.39.29:236][  0]LogD3D11RHI:       0/0/4036 MB DedicatedVideo/DedicatedSystem/SharedSystem, Outputs:0, VendorId:0x1414
[2018.02.02-05.39.29:236][  0]LogD3D11RHI: Chosen D3D11 Adapter: 0
[2018.02.02-05.39.29:249][  0]LogD3D11RHI: Creating new Direct3DDevice
[2018.02.02-05.39.29:249][  0]LogD3D11RHI:     GPU DeviceId: 0x134e (for the marketing name, search the web for "GPU Device Id")
[2018.02.02-05.39.29:249][  0]LogWindows: EnumDisplayDevices:
[2018.02.02-05.39.29:250][  0]LogWindows:    0. 'Intel(R) HD Graphics 620' (P:0 D:1)
[2018.02.02-05.39.29:252][  0]LogWindows:    1. 'Intel(R) HD Graphics 620' (P:1 D:1)
[2018.02.02-05.39.29:255][  0]LogWindows:    2. 'Intel(R) HD Graphics 620' (P:0 D:0)
[2018.02.02-05.39.29:255][  0]LogWindows: DebugString: GetVideoDriverDetailsInvalid PrimaryIsNotTheChoosenAdapter GetVideoDriverDetailsInvalid PrimaryIsNotTheChoosenAdapter GetVideoDriverDetailsInvalid PrimaryIsNotTheChoosenAdapter FoundDriverCount:0 
[2018.02.02-05.39.29:255][  0]LogD3D11RHI:     Adapter Name: NVIDIA GeForce 930MX
[2018.02.02-05.39.29:255][  0]LogD3D11RHI:   Driver Version: Unknown (internal:Unknown, unified:Unknown)
[2018.02.02-05.39.29:255][  0]LogD3D11RHI:      Driver Date: Unknown
[2018.02.02-05.39.29:255][  0]LogRHI: Texture pool is 1361 MB (70% of 1945 MB)
[2018.02.02-05.39.29:301][  0]LogD3D11RHI: Async texture creation enabled
[2018.02.02-05.39.29:320][  0]LogD3D11RHI: GPU Timing Frequency: 1000.000000 (Debug: 2 2)
[2018.02.02-05.39.29:321][  0]LogShaderCompilers: Guid format shader working directory is -6 characters bigger than the processId version (E:/Project Unreal Engine 4/Tugas KP/KP_remastered2/Intermediate/Shaders/WorkingDirectory/22880/).
[2018.02.02-05.39.29:321][  0]LogShaderCompilers: Cleaned the shader compiler working directory 'C:/Users/ASUS/AppData/Local/Temp/UnrealShaderWorkingDir/2510C2D14BCC6BCC21292B8145278B25/'.
[2018.02.02-05.39.29:321][  0]LogShaderCompilers:Display: Using Local Shader Compiler.
[2018.02.02-05.39.30:714][  0]LogTemp:Display: Loaded TP WindowsClientTargetPlatform
[2018.02.02-05.39.30:780][  0]LogTemp:Display: Loaded TP WindowsNoEditorTargetPlatform
[2018.02.02-05.39.30:840][  0]LogTemp:Display: Loaded TP WindowsServerTargetPlatform
[2018.02.02-05.39.30:896][  0]LogTemp:Display: Loaded TP WindowsTargetPlatform
[2018.02.02-05.39.30:896][  0]LogTargetPlatformManager:Display: Building Assets For Windows
[2018.02.02-05.39.31:642][  0]LogDerivedDataCache:Display: Max Cache Size: 512 MB
[2018.02.02-05.39.31:743][  0]LogDerivedDataCache: Loaded boot cache 0.10s 90MB C:/Users/ASUS/AppData/Local/UnrealEngine/4.16/DerivedDataCache/Boot.ddc.
[2018.02.02-05.39.31:743][  0]LogDerivedDataCache:Display: Loaded Boot cache: C:/Users/ASUS/AppData/Local/UnrealEngine/4.16/DerivedDataCache/Boot.ddc
[2018.02.02-05.39.31:743][  0]LogDerivedDataCache: FDerivedDataBackendGraph:  Pak pak cache file E:/Project Unreal Engine 4/Tugas KP/KP_remastered2/DerivedDataCache/DDC.ddp not found, will not use a pak cache.
[2018.02.02-05.39.31:743][  0]LogDerivedDataCache: Unable to find inner node Pak for hierarchical cache Hierarchy.
[2018.02.02-05.39.31:743][  0]LogDerivedDataCache: FDerivedDataBackendGraph:  CompressedPak pak cache file E:/Project Unreal Engine 4/Tugas KP/KP_remastered2/DerivedDataCache/Compressed.ddp not found, will not use a pak cache.
[2018.02.02-05.39.31:743][  0]LogDerivedDataCache: Unable to find inner node CompressedPak for hierarchical cache Hierarchy.
[2018.02.02-05.39.31:762][  0]LogDerivedDataCache:Display: Pak cache opened for reading ../../../Engine/DerivedDataCache/Compressed.ddp.
[2018.02.02-05.39.31:774][  0]LogDerivedDataCache: Using Local data cache path C:/Users/ASUS/AppData/Local/UnrealEngine/Common/DerivedDataCache: Writable
[2018.02.02-05.39.31:775][  0]LogMaterial: Verifying Global Shaders for PCD3D_ES2
[2018.02.02-05.39.32:813][  0]LogSlate: Using Freetype 2.6.0
[2018.02.02-05.39.32:814][  0]LogSlate: SlateFontCache - WITH_FREETYPE: 1, WITH_HARFBUZZ: 1
[2018.02.02-05.39.32:814][  0]LogSlate: SlateFontCache - WITH_FREETYPE: 1, WITH_HARFBUZZ: 1
[2018.02.02-05.39.33:553][  0]LogAssetRegistry: FAssetRegistry took 0.0066 seconds to start up
[2018.02.02-05.39.33:568][  0]LogPackageLocalizationCache: Processed 4 localized package path(s) for 2 prioritized culture(s) in 0.014318 seconds
[2018.02.02-05.39.33:692][  0]LogInit: Selected Device Profile: [Windows]
[2018.02.02-05.39.33:782][  0]LogContentStreaming: Texture pool size is 1000.00 MB
[2018.02.02-05.39.33:837][  0]LogMaterial: Missing cached shader map for material WorldGridMaterial, compiling. Is special engine material.
