Log file open, 02/20/19 19:26:12
LogInit:Display: Running engine for game: KP_remastered2
LogPlatformFile: Not using cached read wrapper
LogInit:Display: RandInit(1675825877) SRandInit(1675825877).
LogTaskGraph: Started task graph with 5 named threads and 6 total threads with 1 sets of task threads.
LogStats: Stats thread started at 0.080643
LogInit: Using libcurl 7.47.1
LogInit:  - built for x86_64-pc-win32
LogInit:  - supports SSL with OpenSSL/1.0.2g
LogInit:  - supports HTTP deflate (compression) using libz 1.2.8
LogInit:  - other features:
LogInit:      CURL_VERSION_SSL
LogInit:      CURL_VERSION_LIBZ
LogInit:      CURL_VERSION_IPV6
LogInit:      CURL_VERSION_ASYNCHDNS
LogInit:      CURL_VERSION_LARGEFILE
LogInit:      CURL_VERSION_IDN
LogInit:  CurlRequestOptions (configurable via config and command line):
LogInit:  - bVerifyPeer = false  - Libcurl will NOT verify peer certificate
LogInit:  - bUseHttpProxy = false  - Libcurl will NOT use HTTP proxy
LogInit:  - bDontReuseConnections = false  - Libcurl will reuse connections
LogInit:  - CertBundlePath = nullptr  - Libcurl will use whatever was configured at build time.
LogInit: Build: ++UE4+Release-4.16-CL-3561208
LogInit: Engine Version: 4.16.3-3561208+++UE4+Release-4.16
LogInit: Compatible Engine Version: 4.16.0-3452394+++UE4+Release-4.16
LogInit: Net CL: 3452394
LogDevObjectVersion: Number of dev versions registered: 16
LogDevObjectVersion:   Dev-Blueprints (B0D832E4-1F89-4F0D-ACCF-7EB736FD4AA2): 9
LogDevObjectVersion:   Dev-Build (E1C64328-A22C-4D53-A36C-8E866417BD8C): 0
LogDevObjectVersion:   Dev-Core (375EC13C-06E4-48FB-B500-84F0262A717E): 2
LogDevObjectVersion:   Dev-Editor (E4B068ED-F494-42E9-A231-DA0B2E46BB41): 17
LogDevObjectVersion:   Dev-Framework (CFFC743F-43B0-4480-9391-14DF171D2073): 23
LogDevObjectVersion:   Dev-Mobile (B02B49B5-BB20-44E9-A304-32B752E40360): 0
LogDevObjectVersion:   Dev-Networking (A4E4105C-59A1-49B5-A7C5-40C4547EDFEE): 0
LogDevObjectVersion:   Dev-Online (39C831C9-5AE6-47DC-9A44-9C173E1C8E7C): 0
LogDevObjectVersion:   Dev-Physics (78F01B33-EBEA-4F98-B9B4-84EACCB95AA2): 0
LogDevObjectVersion:   Dev-Platform (6631380F-2D4D-43E0-8009-CF276956A95A): 0
LogDevObjectVersion:   Dev-Rendering (12F88B9F-8875-4AFC-A67C-D90C383ABD29): 15
LogDevObjectVersion:   Dev-Sequencer (7B5AE74C-D270-4C10-A958-57980B212A5A): 4
LogDevObjectVersion:   Dev-VR (D7296918-1DD6-4BDD-9DE2-64A83CC13884): 0
LogDevObjectVersion:   Dev-LoadTimes (C2A15278-BFE7-4AFE-6C17-90FF531DF755): 1
LogDevObjectVersion:   Private-Geometry (6EACA3D4-40EC-4CC1-B786-8BED09428FC5): 1
LogDevObjectVersion:   Dev-AnimPhys (29E575DD-E0A3-4627-9D10-D276232CDCEA): 3
LogInit: Compiled (64-bit): Jul 28 2017 11:49:47
LogInit: Compiled with Visual C++: 19.00.24215.01
LogInit: Build Configuration: Development
LogInit: Branch Name: ++UE4+Release-4.16
LogInit: Command line:  
LogInit: Base directory: C:/Program Files/Epic Games/UE_4.16/Engine/Binaries/Win64/
LogInit: Installed Engine Build: 1
LogInit: Presizing for max 8388607 objects, including 0 objects not considered by GC, pre-allocating 0 bytes for permanent pool.
LogInit: Object subsystem initialized
[2019.02.20-12.26.13:044][  0]LogInit: Selected Device Profile: [Windows]
[2019.02.20-12.26.13:044][  0]LogInit: Applying CVar settings loaded from the selected device profile: [Windows]
[2019.02.20-12.26.13:059][  0]LogInit: Computer: DESKTOP-USEAEF3
[2019.02.20-12.26.13:059][  0]LogInit: User: DigitalSilence
[2019.02.20-12.26.13:059][  0]LogInit: CPU Page size=4096, Cores=2
[2019.02.20-12.26.13:059][  0]LogInit: High frequency timer resolution =10.000000 MHz
[2019.02.20-12.26.13:059][  0]LogMemory: Memory total: Physical=7.9GB (8GB approx)
[2019.02.20-12.26.13:059][  0]LogMemory: Platform Memory Stats for Windows
[2019.02.20-12.26.13:059][  0]LogMemory: Process Physical Memory: 272.09 MB used, 272.09 MB peak
[2019.02.20-12.26.13:059][  0]LogMemory: Process Virtual Memory: 258.38 MB used, 258.38 MB peak
[2019.02.20-12.26.13:059][  0]LogMemory: Physical Memory: 5434.49 MB used,  2638.05 MB free, 8072.54 MB total
[2019.02.20-12.26.13:059][  0]LogMemory: Virtual Memory: 4767.21 MB used,  2638.05 MB free, 134217728.00 MB total
[2019.02.20-12.26.13:178][  0]LogInit: Using OS detected language (en-US).
[2019.02.20-12.26.13:178][  0]LogInit: Using OS detected locale (en-US).
[2019.02.20-12.26.13:181][  0]LogTextLocalizationManager: No specific localization for 'en-US' exists, so the 'en' localization will be used.
[2019.02.20-12.26.24:852][  0]LogD3D11RHI: D3D11 adapters:
[2019.02.20-12.26.24:909][  0]LogD3D11RHI:    0. 'NVIDIA GeForce 930MX' (Feature Level 11_0)
[2019.02.20-12.26.24:909][  0]LogD3D11RHI:       2010/0/4036 MB DedicatedVideo/DedicatedSystem/SharedSystem, Outputs:2, VendorId:0x10de
[2019.02.20-12.26.24:917][  0]LogD3D11RHI:    1. 'Intel(R) HD Graphics 620' (Feature Level 11_0)
[2019.02.20-12.26.24:917][  0]LogD3D11RHI:       128/0/4036 MB DedicatedVideo/DedicatedSystem/SharedSystem, Outputs:0, VendorId:0x8086
[2019.02.20-12.26.24:920][  0]LogD3D11RHI:    2. 'Microsoft Basic Render Driver' (Feature Level 11_0)
[2019.02.20-12.26.24:920][  0]LogD3D11RHI:       0/0/4036 MB DedicatedVideo/DedicatedSystem/SharedSystem, Outputs:0, VendorId:0x1414
[2019.02.20-12.26.24:920][  0]LogD3D11RHI: Chosen D3D11 Adapter: 0
[2019.02.20-12.26.24:942][  0]LogD3D11RHI: Creating new Direct3DDevice
[2019.02.20-12.26.24:942][  0]LogD3D11RHI:     GPU DeviceId: 0x134e (for the marketing name, search the web for "GPU Device Id")
[2019.02.20-12.26.24:942][  0]LogWindows: EnumDisplayDevices:
[2019.02.20-12.26.24:942][  0]LogWindows:    0. 'Intel(R) HD Graphics 620' (P:0 D:1)
[2019.02.20-12.26.24:942][  0]LogWindows:    1. 'Intel(R) HD Graphics 620' (P:1 D:1)
[2019.02.20-12.26.24:942][  0]LogWindows:    2. 'Intel(R) HD Graphics 620' (P:0 D:0)
[2019.02.20-12.26.24:942][  0]LogWindows: DebugString: GetVideoDriverDetailsInvalid PrimaryIsNotTheChoosenAdapter GetVideoDriverDetailsInvalid PrimaryIsNotTheChoosenAdapter GetVideoDriverDetailsInvalid PrimaryIsNotTheChoosenAdapter FoundDriverCount:0 
[2019.02.20-12.26.24:942][  0]LogD3D11RHI:     Adapter Name: NVIDIA GeForce 930MX
[2019.02.20-12.26.24:942][  0]LogD3D11RHI:   Driver Version: Unknown (internal:Unknown, unified:Unknown)
[2019.02.20-12.26.24:942][  0]LogD3D11RHI:      Driver Date: Unknown
[2019.02.20-12.26.24:942][  0]LogRHI: Texture pool is 1361 MB (70% of 1945 MB)
[2019.02.20-12.26.24:990][  0]LogD3D11RHI: Async texture creation enabled
[2019.02.20-12.26.25:010][  0]LogD3D11RHI: GPU Timing Frequency: 1000.000000 (Debug: 2 2)
[2019.02.20-12.26.25:011][  0]LogShaderCompilers: Guid format shader working directory is -5 characters bigger than the processId version (E:/Project Unreal Engine 4/Tugas KP/KP_remastered2/Intermediate/Shaders/WorkingDirectory/4336/).
[2019.02.20-12.26.25:011][  0]LogShaderCompilers: Cleaned the shader compiler working directory 'C:/Users/ASUS/AppData/Local/Temp/UnrealShaderWorkingDir/80F8C8ED49A404441B63B697BA4751F3/'.
[2019.02.20-12.26.25:011][  0]LogShaderCompilers:Display: Using Local Shader Compiler.
[2019.02.20-12.26.31:394][  0]LogTemp:Display: Loaded TP AllDesktopTargetPlatform
[2019.02.20-12.26.31:464][  0]LogTemp:Display: Loaded TP MacClientTargetPlatform
[2019.02.20-12.26.31:535][  0]LogTemp:Display: Loaded TP MacNoEditorTargetPlatform
[2019.02.20-12.26.31:607][  0]LogTemp:Display: Loaded TP MacServerTargetPlatform
[2019.02.20-12.26.31:736][  0]LogTemp:Display: Loaded TP MacTargetPlatform
[2019.02.20-12.26.31:806][  0]LogTemp:Display: Loaded TP WindowsClientTargetPlatform
[2019.02.20-12.26.31:877][  0]LogTemp:Display: Loaded TP WindowsNoEditorTargetPlatform
[2019.02.20-12.26.31:950][  0]LogTemp:Display: Loaded TP WindowsServerTargetPlatform
[2019.02.20-12.26.32:018][  0]LogTemp:Display: Loaded TP WindowsTargetPlatform
[2019.02.20-12.26.32:150][  0]LogTemp:Display: Loaded TP AndroidTargetPlatform
[2019.02.20-12.26.32:218][  0]LogTemp:Display: Loaded TP Android_ASTCTargetPlatform
[2019.02.20-12.26.32:288][  0]LogTemp:Display: Loaded TP Android_ATCTargetPlatform
[2019.02.20-12.26.32:358][  0]LogTemp:Display: Loaded TP Android_DXTTargetPlatform
[2019.02.20-12.26.32:428][  0]LogTemp:Display: Loaded TP Android_ETC1TargetPlatform
[2019.02.20-12.26.32:498][  0]LogTemp:Display: Loaded TP Android_ETC2TargetPlatform
[2019.02.20-12.26.32:654][  0]LogTemp:Display: Loaded TP Android_MultiTargetPlatform
[2019.02.20-12.26.32:654][  0]LogTemp:Display: Loaded TP Android_PVRTCTargetPlatform
[2019.02.20-12.26.32:714][  0]LogTemp:Display: Loaded TP HTML5TargetPlatform
[2019.02.20-12.26.32:884][  0]LogTemp:Display: Loaded TP IOSTargetPlatform
[2019.02.20-12.26.32:927][  0]LogTemp:Display: Loaded TP TVOSTargetPlatform
[2019.02.20-12.26.32:999][  0]LogTemp:Display: Loaded TP LinuxClientTargetPlatform
[2019.02.20-12.26.33:070][  0]LogTemp:Display: Loaded TP LinuxNoEditorTargetPlatform
[2019.02.20-12.26.33:141][  0]LogTemp:Display: Loaded TP LinuxServerTargetPlatform
[2019.02.20-12.26.33:225][  0]LogTemp:Display: Loaded TP LinuxTargetPlatform
[2019.02.20-12.26.33:225][  0]LogTargetPlatformManager:Display: Building Assets For Windows
[2019.02.20-12.26.34:075][  0]LogDerivedDataCache:Display: Max Cache Size: 512 MB
[2019.02.20-12.26.35:210][  0]LogDerivedDataCache: Loaded boot cache 1.13s 90MB C:/Users/ASUS/AppData/Local/UnrealEngine/4.16/DerivedDataCache/Boot.ddc.
[2019.02.20-12.26.35:210][  0]LogDerivedDataCache:Display: Loaded Boot cache: C:/Users/ASUS/AppData/Local/UnrealEngine/4.16/DerivedDataCache/Boot.ddc
[2019.02.20-12.26.35:210][  0]LogDerivedDataCache: FDerivedDataBackendGraph:  Pak pak cache file E:/Project Unreal Engine 4/Tugas KP/KP_remastered2/DerivedDataCache/DDC.ddp not found, will not use a pak cache.
[2019.02.20-12.26.35:210][  0]LogDerivedDataCache: Unable to find inner node Pak for hierarchical cache Hierarchy.
[2019.02.20-12.26.35:210][  0]LogDerivedDataCache: FDerivedDataBackendGraph:  CompressedPak pak cache file E:/Project Unreal Engine 4/Tugas KP/KP_remastered2/DerivedDataCache/Compressed.ddp not found, will not use a pak cache.
[2019.02.20-12.26.35:210][  0]LogDerivedDataCache: Unable to find inner node CompressedPak for hierarchical cache Hierarchy.
[2019.02.20-12.26.35:226][  0]LogDerivedDataCache:Display: Pak cache opened for reading ../../../Engine/DerivedDataCache/Compressed.ddp.
[2019.02.20-12.26.35:238][  0]LogDerivedDataCache: Using Local data cache path C:/Users/ASUS/AppData/Local/UnrealEngine/Common/DerivedDataCache: Writable
[2019.02.20-12.26.35:248][  0]LogMaterial: Verifying Global Shaders for PCD3D_SM5
[2019.02.20-12.26.35:248][  0]LogSlate: Using Freetype 2.6.0
[2019.02.20-12.26.35:546][  0]LogSlate: SlateFontCache - WITH_FREETYPE: 1, WITH_HARFBUZZ: 1
[2019.02.20-12.26.35:546][  0]LogSlate: SlateFontCache - WITH_FREETYPE: 1, WITH_HARFBUZZ: 1
[2019.02.20-12.26.38:038][  0]LogInit: Selected Device Profile: [Windows]
[2019.02.20-12.26.38:110][  0]LogContentStreaming: Texture pool size is 0.00 MB
[2019.02.20-12.26.38:376][  0]LogMeshUtilities: Using QuadricMeshReduction for automatic static mesh reduction
[2019.02.20-12.26.38:444][  0]LogSimplygon: Simplygon DLL not present - disabling.
[2019.02.20-12.26.38:517][  0]LogMeshUtilities: Using SimplygonSwarm for distributed automatic mesh merging
[2019.02.20-12.26.38:517][  0]LogMeshUtilities: No automatic skeletal mesh reduction module available
[2019.02.20-12.26.38:517][  0]LogMeshUtilities: No automatic mesh merging module available
[2019.02.20-12.26.39:353][  0]LogNetVersion: KP_remastered2 , NetCL: 3452394, EngineNetVer: 2, GameNetVer: 0 (Checksum: 3294817228)
[2019.02.20-12.26.39:432][  0]LogAssetRegistry: FAssetRegistry took 0.0260 seconds to start up
[2019.02.20-12.26.39:529][  0]LogPackageLocalizationCache: Processed 4 localized package path(s) for 2 prioritized culture(s) in 0.050947 seconds
[2019.02.20-12.26.39:536][  0]LogUObjectArray: 34194 objects as part of root set at end of initial load.
[2019.02.20-12.26.39:536][  0]LogUObjectAllocator: 7260424 out of 0 bytes used by permanent object pool.
[2019.02.20-12.26.39:536][  0]LogUObjectArray: CloseDisregardForGC: 0/0 objects in disregard for GC pool
[2019.02.20-12.26.39:663][  0]LogInit: WinSock: version 1.1 (2.2), MaxSocks=32767, MaxUdp=65467
[2019.02.20-12.27.07:244][  0]LogTcpMessaging: Initializing TcpMessaging bridge
[2019.02.20-12.27.07:301][  0]LogUdpMessaging: Initializing bridge on interface 0.0.0.0:0 to multicast group 230.0.0.1:6666.
[2019.02.20-12.27.08:534][  0]LogMaterial: Uniform references updated for custom material expression Custom.
[2019.02.20-12.27.09:147][  0]SourceControl: Info Source control is disabled
[2019.02.20-12.27.09:149][  0]SourceControl: Info Source control is disabled
[2019.02.20-12.27.09:221][  0]SourceControl: Info Source control is disabled
[2019.02.20-12.27.09:294][  0]SourceControl: Info Source control is disabled
[2019.02.20-12.27.09:491][  0]LogStreaming:Warning: Failed to read file '../../../Engine/Plugins/DialogueSystem/Content/Icons/QuestBookEditor/icon_Add_Quest_40x.png' error.
[2019.02.20-12.27.09:491][  0]LogSlate: Could not find file for Slate resource: ../../../Engine/Plugins/DialogueSystem/Content/Icons/QuestBookEditor/icon_Add_Quest_40x.png
[2019.02.20-12.27.10:768][  0]LogAndroidPermission: UAndroidPermissionCallbackProxy::GetInstance
[2019.02.20-12.27.11:705][  0]LogEngine: Initializing Engine...
[2019.02.20-12.27.11:705][  0]LogHMD: Failed to initialize OpenVR with code 110
[2019.02.20-12.27.11:904][  0]LogStats: UGameplayTagsManager::ConstructGameplayTagTree: Construct from data asset -  0.000 s
[2019.02.20-12.27.11:904][  0]LogStats: UGameplayTagsManager::ConstructGameplayTagTree: GameplayTagTreeChangedEvent.Broadcast -  0.000 s
[2019.02.20-12.27.12:101][  0]LogAIModule: Creating AISystem for world Untitled
[2019.02.20-12.27.12:115][  0]LogInit: XAudio2 using 'Speakers (Conexant SmartAudio HD)' : 2 channels at 48 kHz using 16 bits per sample (channel mask 0x3)
[2019.02.20-12.27.12:177][  0]LogInit: FAudioDevice initialized.
[2019.02.20-12.27.12:237][  0]LogDerivedDataCache: Saved boot cache 0.06s 90MB C:/Users/ASUS/AppData/Local/UnrealEngine/4.16/DerivedDataCache/Boot.ddc.
[2019.02.20-12.27.12:252][  0]LogInit: Texture streaming: Enabled
[2019.02.20-12.27.12:414][  0]LogEngineSessionManager: EngineSessionManager initialized
[2019.02.20-12.27.12:877][  0]LogInit: Transaction tracking system initialized
[2019.02.20-12.27.13:361][  0]BlueprintLog: New page: Editor Load
[2019.02.20-12.27.14:827][  0]LocalizationService: Info Localization service is disabled
[2019.02.20-12.27.15:966][  0]LogConsoleResponse:Display: 
[2019.02.20-12.27.16:191][  0]LogCook:Display: Max memory allowance for cook 16384mb min free memory 0mb
[2019.02.20-12.27.16:191][  0]LogCook:Display: Mobile HDR setting 1
[2019.02.20-12.27.16:922][  0]LogFileCache: Scanning file cache for directory 'E:/Project Unreal Engine 4/Tugas KP/KP_remastered2/Content/' took 0.03s
[2019.02.20-12.27.18:226][  0]SourceControl: Info Source control is disabled
[2019.02.20-12.27.18:226][  0]Cmd: MAP LOAD FILE="E:/Project Unreal Engine 4/Tugas KP/KP_remastered2/Content/ProgramBluePrint/MainMenu/MainMenu.umap" TEMPLATE=0 SHOWPROGRESS=1 FEATURELEVEL=3
[2019.02.20-12.27.18:226][  0]LightingResults: New page: Lighting Build
[2019.02.20-12.27.18:289][  0]MapCheck: New page: Map Check
[2019.02.20-12.27.18:289][  0]LightingResults: New page: Lighting Build
[2019.02.20-12.27.18:545][  0]LogAIModule: Creating AISystem for world MainMenu
[2019.02.20-12.27.18:554][  0]LogEditorServer: Finished looking for orphan Actors (0.000 secs)
[2019.02.20-12.27.18:573][  0]Cmd: MAP CHECKDEP NOCLEARLOG
[2019.02.20-12.27.18:634][  0]MapCheck: Info Map check complete: 0 Error(s), 0 Warning(s), took 61.015ms to complete.
[2019.02.20-12.27.18:634][  0]LogFileHelpers: Loading map 'MainMenu' took 0.408
[2019.02.20-12.27.18:989][  0]LogCrashTracker: Crashtracker disabled due to settings.
[2019.02.20-12.27.19:147][  0]LogCollectionManager: Loaded 0 collections in 0.002062 seconds
[2019.02.20-12.27.19:266][  0]LogFileCache: Scanning file cache for directory 'E:/Project Unreal Engine 4/Tugas KP/KP_remastered2/Saved/Collections/' took 0.01s
[2019.02.20-12.27.19:266][  0]LogFileCache: Scanning file cache for directory 'E:/Project Unreal Engine 4/Tugas KP/KP_remastered2/Content/Developers/DigitalSilence/Collections/' took 0.01s
[2019.02.20-12.27.19:266][  0]LogFileCache: Scanning file cache for directory 'E:/Project Unreal Engine 4/Tugas KP/KP_remastered2/Content/Collections/' took 0.01s
[2019.02.20-12.27.19:266][  0]LogCollectionManager: Rebuilt the GUID cache for 0 collections in 0.000002 seconds
[2019.02.20-12.27.19:276][  0]LogContentBrowser: Native class hierarchy populated in 0.0100 seconds. Added 2343 classes and 498 folders.
[2019.02.20-12.27.19:379][  0]LogContentBrowser: Native class hierarchy updated for 'WidgetCarousel' in 0.0005 seconds. Added 0 classes and 0 folders.
[2019.02.20-12.27.20:467][  0]LogContentBrowser: Native class hierarchy updated for 'AddContentDialog' in 0.0005 seconds. Added 0 classes and 0 folders.
[2019.02.20-12.27.20:500][  0]LogSlate: Took 0.027051 seconds to synchronously load lazily loaded font '../../../Engine/Content/Slate/Fonts/Roboto-Regular.ttf' (155K)
[2019.02.20-12.27.20:518][  0]LogSlate: Took 0.014387 seconds to synchronously load lazily loaded font '../../../Engine/Content/Slate/Fonts/Roboto-Bold.ttf' (160K)
[2019.02.20-12.27.20:543][  0]LogSlate: Took 0.021585 seconds to synchronously load lazily loaded font '../../../Engine/Content/Editor/Slate/Fonts/FontAwesome.ttf' (139K)
[2019.02.20-12.27.20:675][  0]LogRenderer: Reallocating scene render targets to support 884x756 NumSamples 1 (Frame:1).
[2019.02.20-12.27.20:792][  0]LogUObjectGlobals:Warning: Failed to find object 'Class None.'
[2019.02.20-12.27.20:882][  0]LogContentBrowser: Native class hierarchy updated for 'HierarchicalLODOutliner' in 0.0006 seconds. Added 1 classes and 2 folders.
[2019.02.20-12.27.20:882][  0]LogLoad: (Engine Initialization) Total time: 70.68 seconds
[2019.02.20-12.27.20:882][  0]LogLoad: (Engine Initialization) Total Blueprint compile time: 0.21 seconds
[2019.02.20-12.27.20:882][  0]LogExternalProfiler: No external profilers were discovered.  External profiling features will not be available.
[2019.02.20-12.27.20:900][  0]LogOcInput: OculusInput pre-init called
[2019.02.20-12.27.20:900][  0]LogHMD: Starting GearVRController plugin
[2019.02.20-12.27.20:956][  0]LogContentStreaming: Texture pool size now 1000 MB
[2019.02.20-12.27.21:007][  0]LogSlate: Took 0.014270 seconds to synchronously load lazily loaded font '../../../Engine/Content/Slate/Fonts/Roboto-Light.ttf' (159K)
[2019.02.20-12.27.21:069][  2]LogAssetRegistry: Asset discovery search completed in 41.6590 seconds
[2019.02.20-12.27.21:071][  2]LogCollectionManager: Rebuilt the object cache for 0 collections in 0.000000 seconds (found 0 objects)
[2019.02.20-12.27.21:071][  2]LogCollectionManager: Fixed up redirectors for 0 collections in 0.000034 seconds (updated 0 objects)
[2019.02.20-12.27.28:846][464]LogSlate: Took 0.000163 seconds to synchronously load lazily loaded font '../../../Engine/Content/Slate/Fonts/Roboto-Light.ttf' (159K)
[2019.02.20-12.27.30:159][464]LogSlate: Took 0.000174 seconds to synchronously load lazily loaded font '../../../Engine/Content/Slate/Fonts/Roboto-Regular.ttf' (155K)
[2019.02.20-12.27.37:515][464]LogAIModule: Creating AISystem for world ThirdPersonExampleMap
[2019.02.20-12.27.37:586][464]Cmd: MAP LOAD FILE="E:/Project Unreal Engine 4/Tugas KP/KP_remastered2/Content/ThirdPersonBP/Maps/ThirdPersonExampleMap.umap" TEMPLATE=0 SHOWPROGRESS=1 FEATURELEVEL=3
[2019.02.20-12.27.37:586][464]LightingResults: New page: Lighting Build
[2019.02.20-12.27.37:587][464]LoadErrors: New page: Loading map: ThirdPersonExampleMap.umap
[2019.02.20-12.27.37:603][464]MapCheck: New page: Map Check
[2019.02.20-12.27.37:603][464]LightingResults: New page: Lighting Build
[2019.02.20-12.27.37:641][464]LogEditorServer: Finished looking for orphan Actors (0.000 secs)
[2019.02.20-12.27.37:697][464]Cmd: MAP CHECKDEP NOCLEARLOG
[2019.02.20-12.27.37:795][464]MapCheck: Info Map check complete: 0 Error(s), 0 Warning(s), took 97.389ms to complete.
[2019.02.20-12.27.37:796][464]LogFileHelpers: Loading map 'ThirdPersonExampleMap' took 0.211
[2019.02.20-12.28.20:935][927]LogHttp:Warning: 00000264F10AF100: request failed, libcurl error: 6 (Couldn't resolve host name)
[2019.02.20-12.28.20:935][927]LogHttp:Warning: 00000264F10AF100: libcurl info message cache 0 (Could not resolve host: datarouter.ol.epicgames.com)
[2019.02.20-12.28.20:935][927]LogHttp:Warning: 00000264F10AF100: libcurl info message cache 1 (Closing connection 0)
[2019.02.20-12.29.20:944][363]LogHttp:Warning: 00000264F1129F00: request failed, libcurl error: 6 (Couldn't resolve host name)
[2019.02.20-12.29.20:944][363]LogHttp:Warning: 00000264F1129F00: libcurl info message cache 0 (Could not resolve host: datarouter.ol.epicgames.com)
[2019.02.20-12.29.20:944][363]LogHttp:Warning: 00000264F1129F00: libcurl info message cache 1 (Closing connection 1)
[2019.02.20-12.30.21:514][528]LogHttp:Warning: 00000264F112BB80: request failed, libcurl error: 6 (Couldn't resolve host name)
[2019.02.20-12.30.21:514][528]LogHttp:Warning: 00000264F112BB80: libcurl info message cache 0 (Could not resolve host: datarouter.ol.epicgames.com)
[2019.02.20-12.30.21:514][528]LogHttp:Warning: 00000264F112BB80: libcurl info message cache 1 (Closing connection 2)
[2019.02.20-12.32.21:185][887]LogHttp:Warning: 00000264F1129A80: request failed, libcurl error: 6 (Couldn't resolve host name)
[2019.02.20-12.32.21:185][887]LogHttp:Warning: 00000264F1129A80: libcurl info message cache 0 (Could not resolve host: datarouter.ol.epicgames.com)
[2019.02.20-12.32.21:185][887]LogHttp:Warning: 00000264F1129A80: libcurl info message cache 1 (Closing connection 3)
[2019.02.20-12.33.21:185][ 67]LogHttp:Warning: 00000264F1129A80: request failed, libcurl error: 6 (Couldn't resolve host name)
[2019.02.20-12.33.21:185][ 67]LogHttp:Warning: 00000264F1129A80: libcurl info message cache 0 (Could not resolve host: datarouter.ol.epicgames.com)
[2019.02.20-12.33.21:185][ 67]LogHttp:Warning: 00000264F1129A80: libcurl info message cache 1 (Closing connection 4)
[2019.02.20-12.34.21:185][247]LogHttp:Warning: 00000264F112BE80: request failed, libcurl error: 6 (Couldn't resolve host name)
[2019.02.20-12.34.21:185][247]LogHttp:Warning: 00000264F112BE80: libcurl info message cache 0 (Could not resolve host: datarouter.ol.epicgames.com)
[2019.02.20-12.34.21:185][247]LogHttp:Warning: 00000264F112BE80: libcurl info message cache 1 (Closing connection 5)
[2019.02.20-12.35.21:186][427]LogHttp:Warning: 00000264F112BE80: request failed, libcurl error: 6 (Couldn't resolve host name)
[2019.02.20-12.35.21:186][427]LogHttp:Warning: 00000264F112BE80: libcurl info message cache 0 (Could not resolve host: datarouter.ol.epicgames.com)
[2019.02.20-12.35.21:186][427]LogHttp:Warning: 00000264F112BE80: libcurl info message cache 1 (Closing connection 6)
[2019.02.20-12.36.21:192][607]LogHttp:Warning: 00000264F1129A80: request failed, libcurl error: 6 (Couldn't resolve host name)
[2019.02.20-12.36.21:192][607]LogHttp:Warning: 00000264F1129A80: libcurl info message cache 0 (Could not resolve host: datarouter.ol.epicgames.com)
[2019.02.20-12.36.21:192][607]LogHttp:Warning: 00000264F1129A80: libcurl info message cache 1 (Closing connection 7)
[2019.02.20-12.37.21:192][787]LogHttp:Warning: 00000264F1129A80: request failed, libcurl error: 6 (Couldn't resolve host name)
[2019.02.20-12.37.21:192][787]LogHttp:Warning: 00000264F1129A80: libcurl info message cache 0 (Could not resolve host: datarouter.ol.epicgames.com)
[2019.02.20-12.37.21:192][787]LogHttp:Warning: 00000264F1129A80: libcurl info message cache 1 (Closing connection 8)
[2019.02.20-12.38.21:192][967]LogHttp:Warning: 00000264F112BE80: request failed, libcurl error: 6 (Couldn't resolve host name)
[2019.02.20-12.38.21:192][967]LogHttp:Warning: 00000264F112BE80: libcurl info message cache 0 (Could not resolve host: datarouter.ol.epicgames.com)
[2019.02.20-12.38.21:192][967]LogHttp:Warning: 00000264F112BE80: libcurl info message cache 1 (Closing connection 9)
[2019.02.20-12.39.21:194][147]LogHttp:Warning: 00000264F112BE80: request failed, libcurl error: 6 (Couldn't resolve host name)
[2019.02.20-12.39.21:194][147]LogHttp:Warning: 00000264F112BE80: libcurl info message cache 0 (Could not resolve host: datarouter.ol.epicgames.com)
[2019.02.20-12.39.21:194][147]LogHttp:Warning: 00000264F112BE80: libcurl info message cache 1 (Closing connection 10)
[2019.02.20-12.40.21:193][327]LogHttp:Warning: 00000264F1129A80: request failed, libcurl error: 6 (Couldn't resolve host name)
[2019.02.20-12.40.21:193][327]LogHttp:Warning: 00000264F1129A80: libcurl info message cache 0 (Could not resolve host: datarouter.ol.epicgames.com)
[2019.02.20-12.40.21:193][327]LogHttp:Warning: 00000264F1129A80: libcurl info message cache 1 (Closing connection 11)
[2019.02.20-12.41.21:197][507]LogHttp:Warning: 00000264F1129A80: request failed, libcurl error: 6 (Couldn't resolve host name)
[2019.02.20-12.41.21:197][507]LogHttp:Warning: 00000264F1129A80: libcurl info message cache 0 (Could not resolve host: datarouter.ol.epicgames.com)
[2019.02.20-12.41.21:197][507]LogHttp:Warning: 00000264F1129A80: libcurl info message cache 1 (Closing connection 12)
